This is pdfTeX, Version 3.1415926-1.40.9 (MiKTeX 2.7) (preloaded format=pdflatex 2009.1.14)  10 AUG 2010 10:25
entering extended mode
**C:/Program*Files/MiKTeX*2.7/miktex/bin/SamBassettMScThesis.tex
("C:/Program Files/MiKTeX 2.7/miktex/bin/SamBassettMScThesis.tex"
LaTeX2e <2005/12/01>
Babel <v3.8l> and hyphenation patterns for english, dumylang, nohyphenation, ge
rman, ngerman, german-x-2008-06-18, ngerman-x-2008-06-18, french, loaded.
("C:\Program Files\MiKTeX 2.7\tex\latex\base\book.cls"
Document Class: book 2005/09/16 v1.4f Standard LaTeX document class
("C:\Program Files\MiKTeX 2.7\tex\latex\base\bk12.clo"
File: bk12.clo 2005/09/16 v1.4f Standard LaTeX file (size option)
)
\c@part=\count79
\c@chapter=\count80
\c@section=\count81
\c@subsection=\count82
\c@subsubsection=\count83
\c@paragraph=\count84
\c@subparagraph=\count85
\c@figure=\count86
\c@table=\count87
\abovecaptionskip=\skip41
\belowcaptionskip=\skip42
\bibindent=\dimen102
) (thesisstyle.sty
Package: thesisstyle 1999/12/02 v1.4
\TH@committee=\box26
)
("C:\Program Files\MiKTeX 2.7\tex\latex\base\fontenc.sty"
Package: fontenc 2005/09/27 v1.99g Standard LaTeX package

("C:\Program Files\MiKTeX 2.7\tex\latex\base\t1enc.def"
File: t1enc.def 2005/09/27 v1.99g Standard LaTeX file
LaTeX Font Info:    Redeclaring font encoding T1 on input line 43.
))
("C:\Program Files\MiKTeX 2.7\tex\latex\amsfonts\amsfonts.sty"
Package: amsfonts 2001/10/25 v2.2f
\@emptytoks=\toks14
\symAMSa=\mathgroup4
\symAMSb=\mathgroup5
LaTeX Font Info:    Overwriting math alphabet `\mathfrak' in version `bold'
(Font)                  U/euf/m/n --> U/euf/b/n on input line 132.
)
("C:\Program Files\MiKTeX 2.7\tex\latex\amscls\amsthm.sty"
Package: amsthm 2004/08/06 v2.20
\thm@style=\toks15
\thm@bodyfont=\toks16
\thm@headfont=\toks17
\thm@notefont=\toks18
\thm@headpunct=\toks19
\thm@preskip=\skip43
\thm@postskip=\skip44
\thm@headsep=\skip45
\dth@everypar=\toks20
)
("C:\Program Files\MiKTeX 2.7\tex\latex\amsfonts\amssymb.sty"
Package: amssymb 2002/01/22 v2.2d
)
("C:\Program Files\MiKTeX 2.7\tex\latex\amsmath\amsmath.sty"
Package: amsmath 2000/07/18 v2.13 AMS math features
\@mathmargin=\skip46

For additional information on amsmath, use the `?' option.
("C:\Program Files\MiKTeX 2.7\tex\latex\amsmath\amstext.sty"
Package: amstext 2000/06/29 v2.01

("C:\Program Files\MiKTeX 2.7\tex\latex\amsmath\amsgen.sty"
File: amsgen.sty 1999/11/30 v2.0
\@emptytoks=\toks21
\ex@=\dimen103
))
("C:\Program Files\MiKTeX 2.7\tex\latex\amsmath\amsbsy.sty"
Package: amsbsy 1999/11/29 v1.2d
\pmbraise@=\dimen104
)
("C:\Program Files\MiKTeX 2.7\tex\latex\amsmath\amsopn.sty"
Package: amsopn 1999/12/14 v2.01 operator names
)
\inf@bad=\count88
LaTeX Info: Redefining \frac on input line 211.
\uproot@=\count89
\leftroot@=\count90
LaTeX Info: Redefining \overline on input line 307.
\classnum@=\count91
\DOTSCASE@=\count92
LaTeX Info: Redefining \ldots on input line 379.
LaTeX Info: Redefining \dots on input line 382.
LaTeX Info: Redefining \cdots on input line 467.
\Mathstrutbox@=\box27
\strutbox@=\box28
\big@size=\dimen105
LaTeX Font Info:    Redeclaring font encoding OML on input line 567.
LaTeX Font Info:    Redeclaring font encoding OMS on input line 568.
\macc@depth=\count93
\c@MaxMatrixCols=\count94
\dotsspace@=\muskip10
\c@parentequation=\count95
\dspbrk@lvl=\count96
\tag@help=\toks22
\row@=\count97
\column@=\count98
\maxfields@=\count99
\andhelp@=\toks23
\eqnshift@=\dimen106
\alignsep@=\dimen107
\tagshift@=\dimen108
\tagwidth@=\dimen109
\totwidth@=\dimen110
\lineht@=\dimen111
\@envbody=\toks24
\multlinegap=\skip47
\multlinetaggap=\skip48
\mathdisplay@stack=\toks25
LaTeX Info: Redefining \[ on input line 2666.
LaTeX Info: Redefining \] on input line 2667.
)
("C:\Program Files\MiKTeX 2.7\tex\latex\graphics\graphicx.sty"
Package: graphicx 1999/02/16 v1.0f Enhanced LaTeX Graphics (DPC,SPQR)

("C:\Program Files\MiKTeX 2.7\tex\latex\graphics\keyval.sty"
Package: keyval 1999/03/16 v1.13 key=value parser (DPC)
\KV@toks@=\toks26
)
("C:\Program Files\MiKTeX 2.7\tex\latex\graphics\graphics.sty"
Package: graphics 2006/02/20 v1.0o Standard LaTeX Graphics (DPC,SPQR)

("C:\Program Files\MiKTeX 2.7\tex\latex\graphics\trig.sty"
Package: trig 1999/03/16 v1.09 sin cos tan (DPC)
)
("C:\Program Files\MiKTeX 2.7\tex\latex\00miktex\graphics.cfg"
File: graphics.cfg 2007/01/18 v1.5 graphics configuration of teTeX/TeXLive
)
Package graphics Info: Driver file: pdftex.def on input line 90.

("C:\Program Files\MiKTeX 2.7\tex\latex\pdftex-def\pdftex.def"
File: pdftex.def 2008/09/08 v0.04l Graphics/color for pdfTeX
\Gread@gobject=\count100
))
\Gin@req@height=\dimen112
\Gin@req@width=\dimen113
)
("C:\Program Files\MiKTeX 2.7\tex\latex\setspace\setspace.sty"
Package: setspace 2000/12/01 6.7 Contributed and Supported LaTeX2e package

Package: `setspace' 6.7 <2000/12/01>
) ("C:\Program Files\MiKTeX 2.7\tex\latex\ltxmisc\url.sty"
\Urlmuskip=\muskip11
Package: url 2006/04/12  ver 3.3  Verb mode for urls, etc.
)
("C:\Program Files\MiKTeX 2.7\tex\latex\tools\verbatim.sty"
Package: verbatim 2003/08/22 v1.5q LaTeX2e package for verbatim enhancements
\every@verbatim=\toks27
\verbatim@line=\toks28
\verbatim@in@stream=\read1
)
("C:\Program Files\MiKTeX 2.7\tex\latex\algorithms\algorithmic.sty"
Package: algorithmic 2006/06/02

Document Style `algorithmic' - environment
("C:\Program Files\MiKTeX 2.7\tex\latex\base\ifthen.sty"
Package: ifthen 2001/05/26 v1.1c Standard LaTeX ifthen package (DPC)
)
("C:\Program Files\MiKTeX 2.7\tex\latex\tools\calc.sty"
Package: calc 2005/08/06 v4.2 Infix arithmetic (KKT,FJ)
\calc@Acount=\count101
\calc@Bcount=\count102
\calc@Adimen=\dimen114
\calc@Bdimen=\dimen115
\calc@Askip=\skip49
\calc@Bskip=\skip50
LaTeX Info: Redefining \setlength on input line 75.
LaTeX Info: Redefining \addtolength on input line 76.
\calc@Ccount=\count103
\calc@Cskip=\skip51
)
\c@ALC@line=\count104
\c@ALC@rem=\count105
\c@ALC@depth=\count106
\ALC@tlm=\skip52
\algorithmicindent=\skip53
)
("C:\Program Files\MiKTeX 2.7\tex\latex\algorithms\algorithm.sty"
Package: algorithm 

Document Style `algorithm' - floating environment
("C:\Program Files\MiKTeX 2.7\tex\latex\float\float.sty"
Package: float 2001/11/08 v1.3d Float enhancements (AL)
\c@float@type=\count107
\float@exts=\toks29
\float@box=\box29
\@float@everytoks=\toks30
\@floatcapt=\box30
)
\@float@every@algorithm=\toks31
\c@algorithm=\count108
)
("C:\Program Files\MiKTeX 2.7\tex\latex\fancyhdr\fancyhdr.sty"
\fancy@headwidth=\skip54
\f@ncyO@elh=\skip55
\f@ncyO@erh=\skip56
\f@ncyO@olh=\skip57
\f@ncyO@orh=\skip58
\f@ncyO@elf=\skip59
\f@ncyO@erf=\skip60
\f@ncyO@olf=\skip61
\f@ncyO@orf=\skip62
)
("C:\Program Files\MiKTeX 2.7\tex\latex\t2\mathtext.sty"
Package: mathtext 1999/01/28 v1.0 transparent text-and-math defs
LaTeX Info: Redefining \halign on input line 111.
)
("C:\Program Files\MiKTeX 2.7\tex\latex\jknappen\mathrsfs.sty"
Package: mathrsfs 1996/01/01 Math RSFS package v1.0 (jk)
\symrsfs=\mathgroup6
) (caption.sty
Package: caption 2010/01/09 v3.1m Customizing captions (AR)

(caption3.sty
Package: caption3 2010/01/14 v3.1m caption3 kernel (AR)
\captionmargin=\dimen116
\captionmargin@=\dimen117
\captionwidth=\dimen118
\caption@indent=\dimen119
\caption@parindent=\dimen120
\caption@hangindent=\dimen121
)
\c@ContinuedFloat=\count109
Package caption Info: float package is loaded.
)
LaTeX Font Info:    Try loading font information for U+msa on input line 67.
 ("C:\Program Files\MiKTeX 2.7\tex\latex\amsfonts\umsa.fd"
File: umsa.fd 2002/01/19 v2.2g AMS font definitions
)
LaTeX Font Info:    Try loading font information for U+msb on input line 67.

("C:\Program Files\MiKTeX 2.7\tex\latex\amsfonts\umsb.fd"
File: umsb.fd 2002/01/19 v2.2g AMS font definitions
)
LaTeX Font Info:    Try loading font information for U+rsfs on input line 67.

("C:\Program Files\MiKTeX 2.7\tex\latex\jknappen\ursfs.fd"
File: ursfs.fd 1998/03/24 rsfs font definition file (jk)
)
\c@theorem=\count110

(SamBassettMScThesis.aux)
LaTeX Font Info:    Checking defaults for OML/cmm/m/it on input line 151.
LaTeX Font Info:    ... okay on input line 151.
LaTeX Font Info:    Checking defaults for T1/cmr/m/n on input line 151.
LaTeX Font Info:    ... okay on input line 151.
LaTeX Font Info:    Checking defaults for OT1/cmr/m/n on input line 151.
LaTeX Font Info:    ... okay on input line 151.
LaTeX Font Info:    Checking defaults for OMS/cmsy/m/n on input line 151.
LaTeX Font Info:    ... okay on input line 151.
LaTeX Font Info:    Checking defaults for OMX/cmex/m/n on input line 151.
LaTeX Font Info:    ... okay on input line 151.
LaTeX Font Info:    Checking defaults for U/cmr/m/n on input line 151.
LaTeX Font Info:    ... okay on input line 151.

("C:\Program Files\MiKTeX 2.7\tex\context\base\supp-pdf.tex"
[Loading MPS to PDF converter (version 2006.09.02).]
\scratchcounter=\count111
\scratchdimen=\dimen122
\scratchbox=\box31
\nofMPsegments=\count112
\nofMParguments=\count113
\everyMPshowfont=\toks32
\MPscratchCnt=\count114
\MPscratchDim=\dimen123
\MPnumerator=\count115
\everyMPtoPDFconversion=\toks33
)
Package caption Info: Begin \AtBeginDocument code.
Package caption Info: End \AtBeginDocument code.
LaTeX Font Info:    Try loading font information for T1+cmss on input line 153.

 ("C:\Program Files\MiKTeX 2.7\tex\latex\base\t1cmss.fd"
File: t1cmss.fd 1999/05/25 v2.5h Standard LaTeX font definitions
)

LaTeX Font Warning: Font shape `T1/cmss/m/sc' in size <14.4> not available
(Font)              Font shape `T1/cmr/m/sc' tried instead on input line 153.

LaTeX Font Info:    Try loading font information for OMS+cmss on input line 153
.
LaTeX Font Info:    No file OMScmss.fd. on input line 153.

LaTeX Font Warning: Font shape `OMS/cmss/m/n' undefined
(Font)              using `OMS/cmsy/m/n' instead on input line 153.

[1


Non-PDF special ignored!

{C:/Documents and Settings/All Users/Application Data/MiKTeX/2.7/pdftex/config/
pdftex.map}]
\parwidth=\skip63
 [2] [3

] [4

] [5

] (SamBassettMScThesis.toc
[6

])
\tf@toc=\write3
 [7] (SamBassettMScThesis.lof)
\tf@lof=\write4
 [8

]
Chapter 1.
[1


] [2] [3] [4]
LaTeX Font Info:    Try loading font information for OMS+cmr on input line 388.

 ("C:\Program Files\MiKTeX 2.7\tex\latex\base\omscmr.fd"
File: omscmr.fd 1999/05/25 v2.5h Standard LaTeX font definitions
)
LaTeX Font Info:    Font shape `OMS/cmr/m/n' in size <12> not available
(Font)              Font shape `OMS/cmsy/m/n' tried instead on input line 388.

[5] [6] [7] [8] [9] [10]
Underfull \hbox (badness 10000) in alignment at lines 663--663
[]
 []


Underfull \hbox (badness 10000) in alignment at lines 678--678
[]
 []

[11]
Underfull \hbox (badness 10000) in alignment at lines 689--689
[]
 []


Underfull \hbox (badness 10000) in alignment at lines 703--703
[]
 []

[12] [13] [14] [15] [16] [17]
Chapter 2.
[18

] [19] [20] [21]
Underfull \hbox (badness 10000) in alignment at lines 1024--1024
[]
 []

[22]
Underfull \hbox (badness 10000) in alignment at lines 1044--1044
[]
 []

[23] <forbid.pdf, id=121, 330.23375pt x 320.19624pt>
File: forbid.pdf Graphic file (type pdf)
 <use forbid.pdf> [24]
[25 <forbid.pdf>] <wedge.pdf, id=137, 457.71pt x 197.73875pt>
File: wedge.pdf Graphic file (type pdf)
 <use wedge.pdf>
[26 <wedge.pdf>] <fbw.pdf, id=146, 279.0425pt x 318.18875pt>
File: fbw.pdf Graphic file (type pdf)
 <use fbw.pdf>
[27] [28 <fbw.pdf>] <bothtied.pdf, id=162, 276.03125pt x 271.0125pt>
File: bothtied.pdf Graphic file (type pdf)

<use bothtied.pdf> [29 <bothtied.pdf>]
<wedgeorder.pdf, id=172, 250.9375pt x 272.01625pt>
File: wedgeorder.pdf Graphic file (type pdf)
 <use wedgeorder.pdf>
[30 <wedgeorder.pdf>]
LaTeX Font Info:    Font shape `OMS/cmr/m/it' in size <12> not available
(Font)              Font shape `OMS/cmsy/m/n' tried instead on input line 1387.

 <iowedge.pdf, id=184, 531.9875pt x 228.855pt>
File: iowedge.pdf Graphic file (type pdf)

<use iowedge.pdf> [31] [32 <iowedge.pdf>]
<wedgebka.pdf, id=199, 253.94875pt x 270.00874pt>
File: wedgebka.pdf Graphic file (type pdf)
 <use wedgebka.pdf>
<wedgebkb.pdf, id=200, 250.9375pt x 284.06125pt>
File: wedgebkb.pdf Graphic file (type pdf)
 <use wedgebkb.pdf>
Overfull \hbox (19.44733pt too wide) in paragraph at lines 1488--1505
[][]   [] 
 []

[33 <wedgebka.pdf> <wedgebkb.pdf>] [34]
Overfull \hbox (1.51434pt too wide) in paragraph at lines 1566--1576
\T1/cmr/m/n/12 wedge. Given any wedge $\OML/cmm/m/it/12 W$ \T1/cmr/m/n/12 with 
re-lay ver-tex $\OML/cmm/m/it/12 v$\T1/cmr/m/n/12 , and vir-tual path $\OML/cmm
/m/it/12 P \OT1/cmr/m/n/12 = \OML/cmm/m/it/12 u[]; u[]; [] ; u[]$\T1/cmr/m/n/12
 ,
 []

[35]
Underfull \hbox (badness 10000) in alignment at lines 1597--1597
[]
 []

[36]
Underfull \hbox (badness 10000) in alignment at lines 1664--1664
[]
 []

[37] [38] [39] [40]
Underfull \hbox (badness 10000) in paragraph at lines 1798--1803

 []


Underfull \hbox (badness 10000) in paragraph at lines 1804--1806

 []

<bothisoh.pdf, id=243, 254.9525pt x 271.0125pt>
File: bothisoh.pdf Graphic file (type pdf)
 <use bothisoh.pdf>
<bothiso.pdf, id=244, 256.96pt x 271.0125pt>
File: bothiso.pdf Graphic file (type pdf)
 <use bothiso.pdf>
Overfull \hbox (19.44733pt too wide) in paragraph at lines 1814--1830
[][]   [] 
 []

[41] [42 <bothisoh.pdf> <bothiso.pdf>]
<onlyaisoh.pdf, id=265, 258.9675pt x 271.0125pt>
File: onlyaisoh.pdf Graphic file (type pdf)
 <use onlyaisoh.pdf>
<onlyaiso.pdf, id=266, 258.9675pt x 271.0125pt>
File: onlyaiso.pdf Graphic file (type pdf)
 <use onlyaiso.pdf>
Overfull \hbox (19.44733pt too wide) in paragraph at lines 1885--1901
[][]   [] 
 []

[43 <onlyaisoh.pdf> <onlyaiso.pdf>]
<noneiso.pdf, id=280, 257.96375pt x 271.0125pt>
File: noneiso.pdf Graphic file (type pdf)
 <use noneiso.pdf>
<onlybisoh.pdf, id=281, 258.9675pt x 272.01625pt>
File: onlybisoh.pdf Graphic file (type pdf)
 <use onlybisoh.pdf>
<onlybiso.pdf, id=282, 258.9675pt x 272.01625pt>
File: onlybiso.pdf Graphic file (type pdf)
 <use onlybiso.pdf>
Overfull \hbox (19.44733pt too wide) in paragraph at lines 1975--1991
[][]   [] 
 []

[44 <noneiso.pdf>] [45 <onlybisoh.pdf> <onlybiso.pdf>] [46] [47] [48]
Chapter 3.
[49

] [50]
Underfull \hbox (badness 10000) in alignment at lines 2261--2261
[]
 []


Underfull \hbox (badness 10000) in alignment at lines 2288--2288
[]
 []

[51] [52] [53] [54] [55]
Underfull \hbox (badness 10000) in alignment at lines 2449--2449
[]
 []


Underfull \hbox (badness 10000) in alignment at lines 2488--2488
[]
 []

[56] [57] [58] [59] [60] [61] [62


] [63] [64] (SamBassettMScThesis.aux)

LaTeX Font Warning: Some font shapes were not available, defaults substituted.

 ) 
Here is how much of TeX's memory you used:
 3990 strings out of 95304
 50992 string characters out of 1183032
 118167 words of memory out of 1500000
 7100 multiletter control sequences out of 110000
 34714 words of font info for 82 fonts, out of 3000000 for 5000
 14 hyphenation exceptions out of 8191
 36i,8n,43p,283b,464s stack positions out of 5000i,500n,10000p,200000b,50000s
 <C:\Documents and Settings\All Users\Application Data\MiKTeX\2.7\fonts\pk\lj
four\jknappen\ec\dpi600\ecbi1200.pk> <C:\Documents and Settings\All Users\Appli
cation Data\MiKTeX\2.7\fonts\pk\ljfour\jknappen\ec\dpi600\ecti1095.pk> <C:\Docu
ments and Settings\All Users\Application Data\MiKTeX\2.7\fonts\pk\ljfour\jknapp
en\ec\dpi600\ecbx1095.pk> <C:\Documents and Settings\All Users\Application Data
\MiKTeX\2.7\fonts\pk\ljfour\jknappen\ec\dpi600\ecrm1000.pk> <C:\Documents and S
ettings\All Users\Application Data\MiKTeX\2.7\fonts\pk\ljfour\jknappen\ec\dpi60
0\ecbx1440.pk> <C:\Documents and Settings\All Users\Application Data\MiKTeX\2.7
\fonts\pk\ljfour\jknappen\ec\dpi600\ecti1200.pk> <C:\Documents and Settings\All
 Users\Application Data\MiKTeX\2.7\fonts\pk\ljfour\jknappen\ec\dpi600\ecsl1200.
pk> <C:\Documents and Settings\All Users\Application Data\MiKTeX\2.7\fonts\pk\l
jfour\jknappen\ec\dpi600\ecti1728.pk> <C:\Documents and Settings\All Users\Appl
ication Data\MiKTeX\2.7\fonts\pk\ljfour\jknappen\ec\dpi600\ecbx2488.pk> <C:\Doc
uments and Settings\All Users\Application Data\MiKTeX\2.7\fonts\pk\ljfour\jknap
pen\ec\dpi600\ecrm1200.pk> <C:\Documents and Settings\All Users\Application Dat
a\MiKTeX\2.7\fonts\pk\ljfour\jknappen\ec\dpi600\ecbx1200.pk> <C:\Documents and 
Settings\All Users\Application Data\MiKTeX\2.7\fonts\pk\ljfour\jknappen\ec\dpi6
00\ecbx1728.pk> <C:\Documents and Settings\All Users\Application Data\MiKTeX\2.
7\fonts\pk\ljfour\jknappen\ec\dpi600\eccc1440.pk> <C:\Documents and Settings\Al
l Users\Application Data\MiKTeX\2.7\fonts\pk\ljfour\jknappen\ec\dpi600\ecss1200
.pk> <C:\Documents and Settings\All Users\Application Data\MiKTeX\2.7\fonts\pk\
ljfour\jknappen\ec\dpi600\ecss1440.pk> <C:\Documents and Settings\All Users\App
lication Data\MiKTeX\2.7\fonts\pk\ljfour\jknappen\ec\dpi600\ecsx1728.pk><C:/Pro
gram Files/MiKTeX 2.7/fonts/type1/bluesky/cm/cmex10.pfb><C:/Program Files/MiKTe
X 2.7/fonts/type1/bluesky/cm/cmmi10.pfb><C:/Program Files/MiKTeX 2.7/fonts/type
1/bluesky/cm/cmmi12.pfb><C:/Program Files/MiKTeX 2.7/fonts/type1/bluesky/cm/cmm
i6.pfb><C:/Program Files/MiKTeX 2.7/fonts/type1/bluesky/cm/cmmi8.pfb><C:/Progra
m Files/MiKTeX 2.7/fonts/type1/bluesky/cm/cmr10.pfb><C:/Program Files/MiKTeX 2.
7/fonts/type1/bluesky/cm/cmr12.pfb><C:/Program Files/MiKTeX 2.7/fonts/type1/blu
esky/cm/cmr17.pfb><C:/Program Files/MiKTeX 2.7/fonts/type1/bluesky/cm/cmr6.pfb>
<C:/Program Files/MiKTeX 2.7/fonts/type1/bluesky/cm/cmr8.pfb><C:/Program Files/
MiKTeX 2.7/fonts/type1/bluesky/cm/cmsy10.pfb><C:/Program Files/MiKTeX 2.7/fonts
/type1/bluesky/cm/cmsy6.pfb><C:/Program Files/MiKTeX 2.7/fonts/type1/bluesky/cm
/cmsy8.pfb>
Output written on SamBassettMScThesis.pdf (72 pages, 514289 bytes).
PDF statistics:
 1003 PDF objects out of 1200 (max. 8388607)
 0 named destinations out of 1000 (max. 131072)
 76 words of extra memory for PDF output out of 10000 (max. 10000000)

