This is pdfTeX, Version 3.1415926-1.40.9 (MiKTeX 2.7) (preloaded format=pdflatex 2009.1.14)  3 FEB 2010 11:11
entering extended mode
**C:/Program*Files/MiKTeX*2.7/miktex/bin/samgsquared.tex
("C:/Program Files/MiKTeX 2.7/miktex/bin/samgsquared.tex"
LaTeX2e <2005/12/01>
Babel <v3.8l> and hyphenation patterns for english, dumylang, nohyphenation, ge
rman, ngerman, german-x-2008-06-18, ngerman-x-2008-06-18, french, loaded.
("C:\Program Files\MiKTeX 2.7\tex\latex\base\article.cls"
Document Class: article 2005/09/16 v1.4f Standard LaTeX document class
("C:\Program Files\MiKTeX 2.7\tex\latex\base\size12.clo"
File: size12.clo 2005/09/16 v1.4f Standard LaTeX file (size option)
)
\c@part=\count79
\c@section=\count80
\c@subsection=\count81
\c@subsubsection=\count82
\c@paragraph=\count83
\c@subparagraph=\count84
\c@figure=\count85
\c@table=\count86
\abovecaptionskip=\skip41
\belowcaptionskip=\skip42
\bibindent=\dimen102
)
("C:\Program Files\MiKTeX 2.7\tex\latex\amsfonts\amsfonts.sty"
Package: amsfonts 2001/10/25 v2.2f
\@emptytoks=\toks14
\symAMSa=\mathgroup4
\symAMSb=\mathgroup5
LaTeX Font Info:    Overwriting math alphabet `\mathfrak' in version `bold'
(Font)                  U/euf/m/n --> U/euf/b/n on input line 132.
)
("C:\Program Files\MiKTeX 2.7\tex\latex\amscls\amsthm.sty"
Package: amsthm 2004/08/06 v2.20
\thm@style=\toks15
\thm@bodyfont=\toks16
\thm@headfont=\toks17
\thm@notefont=\toks18
\thm@headpunct=\toks19
\thm@preskip=\skip43
\thm@postskip=\skip44
\thm@headsep=\skip45
\dth@everypar=\toks20
)
("C:\Program Files\MiKTeX 2.7\tex\latex\amsfonts\amssymb.sty"
Package: amssymb 2002/01/22 v2.2d
)
("C:\Program Files\MiKTeX 2.7\tex\latex\amsmath\amsmath.sty"
Package: amsmath 2000/07/18 v2.13 AMS math features
\@mathmargin=\skip46

For additional information on amsmath, use the `?' option.
("C:\Program Files\MiKTeX 2.7\tex\latex\amsmath\amstext.sty"
Package: amstext 2000/06/29 v2.01

("C:\Program Files\MiKTeX 2.7\tex\latex\amsmath\amsgen.sty"
File: amsgen.sty 1999/11/30 v2.0
\@emptytoks=\toks21
\ex@=\dimen103
))
("C:\Program Files\MiKTeX 2.7\tex\latex\amsmath\amsbsy.sty"
Package: amsbsy 1999/11/29 v1.2d
\pmbraise@=\dimen104
)
("C:\Program Files\MiKTeX 2.7\tex\latex\amsmath\amsopn.sty"
Package: amsopn 1999/12/14 v2.01 operator names
)
\inf@bad=\count87
LaTeX Info: Redefining \frac on input line 211.
\uproot@=\count88
\leftroot@=\count89
LaTeX Info: Redefining \overline on input line 307.
\classnum@=\count90
\DOTSCASE@=\count91
LaTeX Info: Redefining \ldots on input line 379.
LaTeX Info: Redefining \dots on input line 382.
LaTeX Info: Redefining \cdots on input line 467.
\Mathstrutbox@=\box26
\strutbox@=\box27
\big@size=\dimen105
LaTeX Font Info:    Redeclaring font encoding OML on input line 567.
LaTeX Font Info:    Redeclaring font encoding OMS on input line 568.
\macc@depth=\count92
\c@MaxMatrixCols=\count93
\dotsspace@=\muskip10
\c@parentequation=\count94
\dspbrk@lvl=\count95
\tag@help=\toks22
\row@=\count96
\column@=\count97
\maxfields@=\count98
\andhelp@=\toks23
\eqnshift@=\dimen106
\alignsep@=\dimen107
\tagshift@=\dimen108
\tagwidth@=\dimen109
\totwidth@=\dimen110
\lineht@=\dimen111
\@envbody=\toks24
\multlinegap=\skip47
\multlinetaggap=\skip48
\mathdisplay@stack=\toks25
LaTeX Info: Redefining \[ on input line 2666.
LaTeX Info: Redefining \] on input line 2667.
)
("C:\Program Files\MiKTeX 2.7\tex\latex\graphics\graphicx.sty"
Package: graphicx 1999/02/16 v1.0f Enhanced LaTeX Graphics (DPC,SPQR)

("C:\Program Files\MiKTeX 2.7\tex\latex\graphics\keyval.sty"
Package: keyval 1999/03/16 v1.13 key=value parser (DPC)
\KV@toks@=\toks26
)
("C:\Program Files\MiKTeX 2.7\tex\latex\graphics\graphics.sty"
Package: graphics 2006/02/20 v1.0o Standard LaTeX Graphics (DPC,SPQR)

("C:\Program Files\MiKTeX 2.7\tex\latex\graphics\trig.sty"
Package: trig 1999/03/16 v1.09 sin cos tan (DPC)
)
("C:\Program Files\MiKTeX 2.7\tex\latex\00miktex\graphics.cfg"
File: graphics.cfg 2007/01/18 v1.5 graphics configuration of teTeX/TeXLive
)
Package graphics Info: Driver file: pdftex.def on input line 90.

("C:\Program Files\MiKTeX 2.7\tex\latex\pdftex-def\pdftex.def"
File: pdftex.def 2008/09/08 v0.04l Graphics/color for pdfTeX
\Gread@gobject=\count99
))
\Gin@req@height=\dimen112
\Gin@req@width=\dimen113
)
("C:\Program Files\MiKTeX 2.7\tex\latex\setspace\setspace.sty"
Package: setspace 2000/12/01 6.7 Contributed and Supported LaTeX2e package

Package: `setspace' 6.7 <2000/12/01>
) ("C:\Program Files\MiKTeX 2.7\tex\latex\ltxmisc\url.sty"
\Urlmuskip=\muskip11
Package: url 2006/04/12  ver 3.3  Verb mode for urls, etc.
)
("C:\Program Files\MiKTeX 2.7\tex\latex\tools\verbatim.sty"
Package: verbatim 2003/08/22 v1.5q LaTeX2e package for verbatim enhancements
\every@verbatim=\toks27
\verbatim@line=\toks28
\verbatim@in@stream=\read1
)
("C:\Program Files\MiKTeX 2.7\tex\latex\algorithms\algorithmic.sty"
Package: algorithmic 2006/06/02

Document Style `algorithmic' - environment
("C:\Program Files\MiKTeX 2.7\tex\latex\base\ifthen.sty"
Package: ifthen 2001/05/26 v1.1c Standard LaTeX ifthen package (DPC)
)
("C:\Program Files\MiKTeX 2.7\tex\latex\tools\calc.sty"
Package: calc 2005/08/06 v4.2 Infix arithmetic (KKT,FJ)
\calc@Acount=\count100
\calc@Bcount=\count101
\calc@Adimen=\dimen114
\calc@Bdimen=\dimen115
\calc@Askip=\skip49
\calc@Bskip=\skip50
LaTeX Info: Redefining \setlength on input line 75.
LaTeX Info: Redefining \addtolength on input line 76.
\calc@Ccount=\count102
\calc@Cskip=\skip51
)
\c@ALC@line=\count103
\c@ALC@rem=\count104
\c@ALC@depth=\count105
\ALC@tlm=\skip52
\algorithmicindent=\skip53
)
("C:\Program Files\MiKTeX 2.7\tex\latex\algorithms\algorithm.sty"
Package: algorithm 

Document Style `algorithm' - floating environment
("C:\Program Files\MiKTeX 2.7\tex\latex\float\float.sty"
Package: float 2001/11/08 v1.3d Float enhancements (AL)
\c@float@type=\count106
\float@exts=\toks29
\float@box=\box28
\@float@everytoks=\toks30
\@floatcapt=\box29
)
\@float@every@algorithm=\toks31
\c@algorithm=\count107
)
("C:\Program Files\MiKTeX 2.7\tex\latex\fancyhdr\fancyhdr.sty"
\fancy@headwidth=\skip54
\f@ncyO@elh=\skip55
\f@ncyO@erh=\skip56
\f@ncyO@olh=\skip57
\f@ncyO@orh=\skip58
\f@ncyO@elf=\skip59
\f@ncyO@erf=\skip60
\f@ncyO@olf=\skip61
\f@ncyO@orf=\skip62
)
("C:\Program Files\MiKTeX 2.7\tex\latex\t2\mathtext.sty"
Package: mathtext 1999/01/28 v1.0 transparent text-and-math defs
LaTeX Info: Redefining \halign on input line 111.
)
("C:\Program Files\MiKTeX 2.7\tex\latex\jknappen\mathrsfs.sty"
Package: mathrsfs 1996/01/01 Math RSFS package v1.0 (jk)
\symrsfs=\mathgroup6
)
\c@theorem=\count108

(samgsquared.aux

LaTeX Warning: Label `fig:athbr' multiply defined.

)
LaTeX Font Info:    Checking defaults for OML/cmm/m/it on input line 45.
LaTeX Font Info:    ... okay on input line 45.
LaTeX Font Info:    Checking defaults for T1/cmr/m/n on input line 45.
LaTeX Font Info:    ... okay on input line 45.
LaTeX Font Info:    Checking defaults for OT1/cmr/m/n on input line 45.
LaTeX Font Info:    ... okay on input line 45.
LaTeX Font Info:    Checking defaults for OMS/cmsy/m/n on input line 45.
LaTeX Font Info:    ... okay on input line 45.
LaTeX Font Info:    Checking defaults for OMX/cmex/m/n on input line 45.
LaTeX Font Info:    ... okay on input line 45.
LaTeX Font Info:    Checking defaults for U/cmr/m/n on input line 45.
LaTeX Font Info:    ... okay on input line 45.
 ("C:\Program Files\MiKTeX 2.7\tex\context\base\supp-pdf.tex"
[Loading MPS to PDF converter (version 2006.09.02).]
\scratchcounter=\count109
\scratchdimen=\dimen116
\scratchbox=\box30
\nofMPsegments=\count110
\nofMParguments=\count111
\everyMPshowfont=\toks32
\MPscratchCnt=\count112
\MPscratchDim=\dimen117
\MPnumerator=\count113
\everyMPtoPDFconversion=\toks33
)
LaTeX Font Info:    Try loading font information for U+msa on input line 51.
 ("C:\Program Files\MiKTeX 2.7\tex\latex\amsfonts\umsa.fd"
File: umsa.fd 2002/01/19 v2.2g AMS font definitions
)
LaTeX Font Info:    Try loading font information for U+msb on input line 51.

("C:\Program Files\MiKTeX 2.7\tex\latex\amsfonts\umsb.fd"
File: umsb.fd 2002/01/19 v2.2g AMS font definitions
)
LaTeX Font Info:    Try loading font information for U+rsfs on input line 51.

("C:\Program Files\MiKTeX 2.7\tex\latex\jknappen\ursfs.fd"
File: ursfs.fd 1998/03/24 rsfs font definition file (jk)
) [1{C:/Documents and Settings/All Users/Application Data/MiKTeX/2.7/pdftex/con
fig/pdftex.map}

]
[2] <forbid.pdf, id=16, 330.23375pt x 320.19624pt>
File: forbid.pdf Graphic file (type pdf)
 <use forbid.pdf> [3 <forbid.pdf>] <wedge.pdf, id=25, 215.80624pt x 195.73125pt
>
File: wedge.pdf Graphic file (type pdf)
 <use wedge.pdf> [4 <wedge.pdf>] <wedgeflip.pdf, id=34, 293.095pt x 250.9375pt>
File: wedgeflip.pdf Graphic file (type pdf)
 <use wedgeflip.pdf>
[5 <wedgeflip.pdf>] <wedgecross.pdf, id=48, 293.095pt x 250.9375pt>
File: wedgecross.pdf Graphic file (type pdf)

<use wedgecross.pdf> <wedgeorder.pdf, id=49, 250.9375pt x 269.005pt>
File: wedgeorder.pdf Graphic file (type pdf)

<use wedgeorder.pdf> [6 <wedgecross.pdf>]
<wedgebkt.pdf, id=63, 530.98375pt x 325.215pt>
File: wedgebkt.pdf Graphic file (type pdf)
 <use wedgebkt.pdf> [7 <wedgeorder.pdf>] [8 <wedgebkt.pdf>] [9]
Overfull \hbox (23.5905pt too wide) in paragraph at lines 445--449
[]\OT1/cmr/m/n/12 All port num-bers for ev-ery ver-tex $\OML/cmm/m/it/12 v$ \OT
1/cmr/m/n/12 are cho-sen uniquely from the set $\OMS/cmsy/m/n/12 f\OT1/cmr/m/n/
12 1\OML/cmm/m/it/12 ; \OT1/cmr/m/n/12 2\OML/cmm/m/it/12 ; \OT1/cmr/m/n/12 3\OM
L/cmm/m/it/12 ; [] ; \OT1/cmr/m/n/12 2\OML/cmm/m/it/12 d\OT1/cmr/m/n/12 (\OML/c
mm/m/it/12 v\OT1/cmr/m/n/12 )\OMS/cmsy/m/n/12 g$\OT1/cmr/m/n/12 .
 []

<basiclabels.pdf, id=87, 279.0425pt x 246.9225pt>
File: basiclabels.pdf Graphic file (type pdf)
 <use basiclabels.pdf>
[10 <basiclabels.pdf>]
LaTeX Font Info:    Try loading font information for OMS+cmr on input line 503.

 ("C:\Program Files\MiKTeX 2.7\tex\latex\base\omscmr.fd"
File: omscmr.fd 1999/05/25 v2.5h Standard LaTeX font definitions
)
LaTeX Font Info:    Font shape `OMS/cmr/m/n' in size <12> not available
(Font)              Font shape `OMS/cmsy/m/n' tried instead on input line 503.

Underfull \hbox (badness 10000) in alignment at lines 527--527
[]
 []

[11]

LaTeX Warning: Reference `fig:34' on page 12 undefined on input line 582.

[12]
Underfull \hbox (badness 10000) in alignment at lines 630--630
[]
 []

[13] [14] [15] <athbr.pdf, id=118, 250.9375pt x 270.00874pt>
File: athbr.pdf Graphic file (type pdf)
 <use athbr.pdf>
[16 <athbr.pdf>] [17] [18] [19] [20] [21] [22] [23]
<11.pdf, id=152, 250.9375pt x 269.005pt>
File: 11.pdf Graphic file (type pdf)
 <use 11.pdf>
<12.pdf, id=153, 250.9375pt x 269.005pt>
File: 12.pdf Graphic file (type pdf)
 <use 12.pdf>
<13.pdf, id=154, 250.9375pt x 273.02pt>
File: 13.pdf Graphic file (type pdf)
 <use 13.pdf>
<14.pdf, id=155, 251.94125pt x 273.02pt>
File: 14.pdf Graphic file (type pdf)
 <use 14.pdf>
<15.pdf, id=156, 250.9375pt x 272.01625pt>
File: 15.pdf Graphic file (type pdf)
 <use 15.pdf>
<21.pdf, id=157, 250.9375pt x 268.00125pt>
File: 21.pdf Graphic file (type pdf)
 <use 21.pdf>
<22.pdf, id=158, 250.9375pt x 268.00125pt>
File: 22.pdf Graphic file (type pdf)
 <use 22.pdf>
<23.pdf, id=159, 250.9375pt x 269.005pt>
File: 23.pdf Graphic file (type pdf)
 <use 23.pdf>
<24.pdf, id=160, 251.94125pt x 269.005pt>
File: 24.pdf Graphic file (type pdf)
 <use 24.pdf>
<25.pdf, id=161, 250.9375pt x 273.02pt>
File: 25.pdf Graphic file (type pdf)
 <use 25.pdf>
<26.pdf, id=162, 250.9375pt x 273.02pt>
File: 26.pdf Graphic file (type pdf)
 <use 26.pdf>
<31.pdf, id=163, 251.94125pt x 272.01625pt>
File: 31.pdf Graphic file (type pdf)
 <use 31.pdf>
<32.pdf, id=164, 251.94125pt x 270.00874pt>
File: 32.pdf Graphic file (type pdf)
 <use 32.pdf>
<33.pdf, id=165, 250.9375pt x 268.00125pt>
File: 33.pdf Graphic file (type pdf)
 <use 33.pdf>
File: athbr.pdf Graphic file (type pdf)
 <use athbr.pdf>
<35.pdf, id=166, 250.9375pt x 269.005pt>
File: 35.pdf Graphic file (type pdf)
 <use 35.pdf>
<36.pdf, id=167, 251.94125pt x 273.02pt>
File: 36.pdf Graphic file (type pdf)
 <use 36.pdf> [24 <11.pdf>] [25 <12.pdf> <13.pdf> <14.pdf>] [26 <15.pdf> <21.pd
f> <22.pdf>] [27 <23.pdf> <24.pdf> <25.pdf>] [28 <26.pdf> <31.pdf> <32.pdf>] [2
9 <33.pdf> <35.pdf>] [30 <36.pdf>]
<41.pdf, id=284, 250.9375pt x 269.005pt>
File: 41.pdf Graphic file (type pdf)
 <use 41.pdf>
<42.pdf, id=285, 250.9375pt x 269.005pt>
File: 42.pdf Graphic file (type pdf)
 <use 42.pdf>
<43.pdf, id=286, 250.9375pt x 269.005pt>
File: 43.pdf Graphic file (type pdf)
 <use 43.pdf>
<44.pdf, id=287, 250.9375pt x 269.005pt>
File: 44.pdf Graphic file (type pdf)
 <use 44.pdf>
<45.pdf, id=288, 250.9375pt x 266.9975pt>
File: 45.pdf Graphic file (type pdf)
 <use 45.pdf>
<46.pdf, id=289, 250.9375pt x 266.9975pt>
File: 46.pdf Graphic file (type pdf)
 <use 46.pdf> [31

 <41.pdf> <42.pdf>]
[32 <43.pdf> <44.pdf> <45.pdf>] [33 <46.pdf>] (samgsquared.aux)

LaTeX Warning: There were undefined references.


LaTeX Warning: There were multiply-defined labels.

 ) 
Here is how much of TeX's memory you used:
 2749 strings out of 95304
 31295 string characters out of 1183032
 99207 words of memory out of 1500000
 5893 multiletter control sequences out of 110000
 10669 words of font info for 41 fonts, out of 3000000 for 5000
 14 hyphenation exceptions out of 8191
 27i,11n,43p,402b,552s stack positions out of 5000i,500n,10000p,200000b,50000s
<C:/Program Files/MiKTeX 2.7/fonts/type1/bluesky/cm/cmbx12.pfb><C:/Program Fi
les/MiKTeX 2.7/fonts/type1/bluesky/cm/cmex10.pfb><C:/Program Files/MiKTeX 2.7/f
onts/type1/bluesky/cm/cmmi12.pfb><C:/Program Files/MiKTeX 2.7/fonts/type1/blues
ky/cm/cmmi8.pfb><C:/Program Files/MiKTeX 2.7/fonts/type1/bluesky/cm/cmr10.pfb><
C:/Program Files/MiKTeX 2.7/fonts/type1/bluesky/cm/cmr12.pfb><C:/Program Files/
MiKTeX 2.7/fonts/type1/bluesky/cm/cmr8.pfb><C:/Program Files/MiKTeX 2.7/fonts/t
ype1/bluesky/cm/cmsy10.pfb><C:/Program Files/MiKTeX 2.7/fonts/type1/bluesky/cm/
cmsy6.pfb><C:/Program Files/MiKTeX 2.7/fonts/type1/bluesky/cm/cmsy8.pfb><C:/Pro
gram Files/MiKTeX 2.7/fonts/type1/bluesky/cm/cmti12.pfb>
Output written on samgsquared.pdf (33 pages, 271049 bytes).
PDF statistics:
 366 PDF objects out of 1000 (max. 8388607)
 0 named destinations out of 1000 (max. 131072)
 151 words of extra memory for PDF output out of 10000 (max. 10000000)

