This is pdfTeX, Version 3.1415926-1.40.9 (MiKTeX 2.7) (preloaded format=pdflatex 2009.1.14)  11 AUG 2010 16:11
entering extended mode
**C:/Program*Files/MiKTeX*2.7/miktex/bin/samMSCdefense.tex
("C:/Program Files/MiKTeX 2.7/miktex/bin/samMSCdefense.tex"
LaTeX2e <2005/12/01>
Babel <v3.8l> and hyphenation patterns for english, dumylang, nohyphenation, ge
rman, ngerman, german-x-2008-06-18, ngerman-x-2008-06-18, french, loaded.
(beamer.cls (beamerbasercs.sty
Package: beamerbasercs 2010/06/12 (rcs-revision c3821710bb40)
)
Document Class: beamer 2010/06/21 development version 3.10 A class for typesett
ing presentations (rcs-revision a6b1a8434d30)
(beamerbasemodes.sty
Package: beamerbasemodes 2010/05/01 (rcs-revision efa082c6111d)
\beamer@tempbox=\box26
\beamer@tempcount=\count79
\c@beamerpauses=\count80
 (beamerbasedecode.sty
Package: beamerbasedecode 2010/05/01 (rcs-revision efa082c6111d)
\beamer@slideinframe=\count81
\beamer@minimum=\count82
)
\beamer@commentbox=\box27
\beamer@modecount=\count83
)
\headheight=\dimen102
\headdp=\dimen103
\footheight=\dimen104
\sidebarheight=\dimen105
\beamer@tempdim=\dimen106
\beamer@finalheight=\dimen107
\beamer@animht=\dimen108
\beamer@animdp=\dimen109
\beamer@animwd=\dimen110
\beamer@leftmargin=\dimen111
\beamer@rightmargin=\dimen112
\beamer@leftsidebar=\dimen113
\beamer@rightsidebar=\dimen114
\beamer@boxsize=\dimen115
\beamer@vboxoffset=\dimen116
\beamer@descdefault=\dimen117
\beamer@descriptionwidth=\dimen118
\beamer@lastskip=\skip41
\beamer@areabox=\box28
\beamer@animcurrent=\box29
\beamer@animshowbox=\box30
\beamer@sectionbox=\box31
\beamer@logobox=\box32
\beamer@linebox=\box33
\beamer@sectioncount=\count84
\beamer@subsubsectionmax=\count85
\beamer@subsectionmax=\count86
\beamer@sectionmax=\count87
\beamer@totalheads=\count88
\beamer@headcounter=\count89
\beamer@partstartpage=\count90
\beamer@sectionstartpage=\count91
\beamer@subsectionstartpage=\count92
\beamer@animationtempa=\count93
\beamer@animationtempb=\count94
\beamer@xpos=\count95
\beamer@ypos=\count96
\beamer@showpartnumber=\count97
\beamer@currentsubsection=\count98
\beamer@coveringdepth=\count99
\beamer@sectionadjust=\count100
\beamer@tocsectionnumber=\count101
 (beamerbaseoptions.sty
Package: beamerbaseoptions 2010/04/27 (rcs-revision 982469101dd6)

("C:\Program Files\MiKTeX 2.7\tex\latex\graphics\keyval.sty"
Package: keyval 1999/03/16 v1.13 key=value parser (DPC)
\KV@toks@=\toks14
))
\beamer@paperwidth=\skip42
\beamer@paperheight=\skip43

("C:\Program Files\MiKTeX 2.7\tex\latex\geometry\geometry.sty"
Package: geometry 2008/11/13 v4.1 Page Geometry

("C:\Program Files\MiKTeX 2.7\tex\generic\oberdiek\ifpdf.sty"
Package: ifpdf 2007/12/12 v1.6 Provides the ifpdf switch (HO)
Package ifpdf Info: pdfTeX in pdf mode detected.
)
("C:\Program Files\MiKTeX 2.7\tex\generic\oberdiek\ifvtex.sty"
Package: ifvtex 2008/11/04 v1.4 Switches for detecting VTeX and its modes (HO)
Package ifvtex Info: VTeX not detected.
)
\Gm@cnth=\count102
\Gm@cntv=\count103
\c@Gm@tempcnt=\count104
\Gm@bindingoffset=\dimen119
\Gm@wd@mp=\dimen120
\Gm@odd@mp=\dimen121
\Gm@even@mp=\dimen122
\Gm@dimlist=\toks15

("C:\Program Files\MiKTeX 2.7\tex\latex\geometry\geometry.cfg"))
("C:\Program Files\MiKTeX 2.7\tex\latex\base\size11.clo"
File: size11.clo 2005/09/16 v1.4f Standard LaTeX file (size option)
) (pgfcore.sty
("C:\Program Files\MiKTeX 2.7\tex\latex\graphics\graphicx.sty"
Package: graphicx 1999/02/16 v1.0f Enhanced LaTeX Graphics (DPC,SPQR)

("C:\Program Files\MiKTeX 2.7\tex\latex\graphics\graphics.sty"
Package: graphics 2006/02/20 v1.0o Standard LaTeX Graphics (DPC,SPQR)

("C:\Program Files\MiKTeX 2.7\tex\latex\graphics\trig.sty"
Package: trig 1999/03/16 v1.09 sin cos tan (DPC)
)
("C:\Program Files\MiKTeX 2.7\tex\latex\00miktex\graphics.cfg"
File: graphics.cfg 2007/01/18 v1.5 graphics configuration of teTeX/TeXLive
)
Package graphics Info: Driver file: pdftex.def on input line 90.

("C:\Program Files\MiKTeX 2.7\tex\latex\pdftex-def\pdftex.def"
File: pdftex.def 2008/09/08 v0.04l Graphics/color for pdfTeX
\Gread@gobject=\count105
))
\Gin@req@height=\dimen123
\Gin@req@width=\dimen124
) (pgfsys.sty
(pgfrcs.sty (pgfutil-common.tex
\pgfutil@everybye=\toks16
) (pgfutil-latex.def) (pgfrcs.code.tex
Package: pgfrcs 2008/02/20 v2.00 (rcs-revision 1.21)
))
(pgfsys.code.tex
Package: pgfsys 2008/02/07 v2.00 (rcs-revision 1.31)
 (pgfkeys.code.tex
\pgfkeys@pathtoks=\toks17
\pgfkeys@temptoks=\toks18
)
\pgf@x=\dimen125
\pgf@y=\dimen126
\pgf@xa=\dimen127
\pgf@ya=\dimen128
\pgf@xb=\dimen129
\pgf@yb=\dimen130
\pgf@xc=\dimen131
\pgf@yc=\dimen132
\c@pgf@counta=\count106
\c@pgf@countb=\count107
\c@pgf@countc=\count108
\c@pgf@countd=\count109
 (pgf.cfg
File: pgf.cfg 2008/01/13  (rcs-revision 1.6)
)
Package pgfsys Info: Driver file for pgf: pgfsys-pdftex.def on input line 885.
 (pgfsys-pdftex.def
File: pgfsys-pdftex.def 2007/12/20  (rcs-revision 1.20)

(pgfsys-common-pdf.def
File: pgfsys-common-pdf.def 2007/12/17  (rcs-revision 1.8)
))) (pgfsyssoftpath.code.tex
File: pgfsyssoftpath.code.tex 2008/01/23  (rcs-revision 1.6)
\pgfsyssoftpath@smallbuffer@items=\count110
\pgfsyssoftpath@bigbuffer@items=\count111
) (pgfsysprotocol.code.tex
File: pgfsysprotocol.code.tex 2006/10/16  (rcs-revision 1.4)
))
(xcolor.sty
Package: xcolor 2004/07/04 v2.00 LaTeX color extensions (UK)
 ("C:\Program Files\MiKTeX 2.7\tex\latex\00miktex\color.cfg"
File: color.cfg 2007/01/18 v1.5 color configuration of teTeX/TeXLive
)
Package xcolor Info: Driver file: pdftex.def on input line 136.
Package xcolor Info: Color model `cmy' added on input line 972.
Package xcolor Info: Color model `hsb' added on input line 980.
Package xcolor Info: Color model `HTML' added on input line 1000.
Package xcolor Info: Color model `HSB' added on input line 1006.
Package xcolor Info: Color model `Gray' added on input line 1012.
)
(pgfcore.code.tex
Package: pgfcore 2008/01/15 v2.00 (rcs-revision 1.6)
 (pgfmath.code.tex (pgfmathcalc.code.tex (pgfmathutil.code.tex
\pgfmath@box=\box34
) (pgfmathparser.code.tex
\pgfmath@stack=\toks19
\c@pgfmath@parsecounta=\count112
\c@pgfmath@parsecountb=\count113
\c@pgfmath@parsecountc=\count114
\pgfmath@parsex=\dimen133
) (pgfmathoperations.code.tex (pgfmathtrig.code.tex)
(pgfmathrnd.code.tex)) (pgfmathbase.code.tex))) (pgfcorepoints.code.tex
File: pgfcorepoints.code.tex 2008/02/03  (rcs-revision 1.13)
\pgf@picminx=\dimen134
\pgf@picmaxx=\dimen135
\pgf@picminy=\dimen136
\pgf@picmaxy=\dimen137
\pgf@pathminx=\dimen138
\pgf@pathmaxx=\dimen139
\pgf@pathminy=\dimen140
\pgf@pathmaxy=\dimen141
\pgf@xx=\dimen142
\pgf@xy=\dimen143
\pgf@yx=\dimen144
\pgf@yy=\dimen145
\pgf@zx=\dimen146
\pgf@zy=\dimen147
)
(pgfcorepathconstruct.code.tex
File: pgfcorepathconstruct.code.tex 2008/02/13  (rcs-revision 1.14)
\pgf@path@lastx=\dimen148
\pgf@path@lasty=\dimen149
) (pgfcorepathusage.code.tex
File: pgfcorepathusage.code.tex 2008/01/23  (rcs-revision 1.11)
\pgf@shorten@end@additional=\dimen150
\pgf@shorten@start@additional=\dimen151
)
(pgfcorescopes.code.tex
File: pgfcorescopes.code.tex 2008/01/15  (rcs-revision 1.26)
\pgfpic=\box35
\pgf@hbox=\box36
\pgf@layerbox@main=\box37
\pgf@picture@serial@count=\count115
) (pgfcoregraphicstate.code.tex
File: pgfcoregraphicstate.code.tex 2007/12/12  (rcs-revision 1.8)
\pgflinewidth=\dimen152
)
(pgfcoretransformations.code.tex
File: pgfcoretransformations.code.tex 2008/02/04  (rcs-revision 1.10)
\pgf@pt@x=\dimen153
\pgf@pt@y=\dimen154
\pgf@pt@temp=\dimen155
) (pgfcorequick.code.tex
File: pgfcorequick.code.tex 2006/10/11  (rcs-revision 1.2)
)
(pgfcoreobjects.code.tex
File: pgfcoreobjects.code.tex 2006/10/11  (rcs-revision 1.2)
) (pgfcorepathprocessing.code.tex
File: pgfcorepathprocessing.code.tex 2008/01/23  (rcs-revision 1.7)
)
(pgfcorearrows.code.tex
File: pgfcorearrows.code.tex 2007/06/07  (rcs-revision 1.8)
) (pgfcoreshade.code.tex
File: pgfcoreshade.code.tex 2007/12/10  (rcs-revision 1.9)
\pgf@max=\dimen156
\pgf@sys@shading@range@num=\count116
) (pgfcoreimage.code.tex
File: pgfcoreimage.code.tex 2008/01/15  (rcs-revision 1.1)
\pgfexternal@startupbox=\box38
)
(pgfcorelayers.code.tex
File: pgfcorelayers.code.tex 2008/01/15  (rcs-revision 1.1)
) (pgfcoretransparency.code.tex
File: pgfcoretransparency.code.tex 2008/01/17  (rcs-revision 1.2)
)
(pgfcorepatterns.code.tex
File: pgfcorepatterns.code.tex 2008/01/15  (rcs-revision 1.1)
))) (xxcolor.sty
Package: xxcolor 2003/10/24 ver 0.1
\XC@nummixins=\count117
\XC@countmixins=\count118
)
("C:\Program Files\MiKTeX 2.7\tex\latex\hyperref\hyperref.sty"
Package: hyperref 2008/11/18 v6.78m Hypertext links for LaTeX

("C:\Program Files\MiKTeX 2.7\tex\generic\ifxetex\ifxetex.sty"
Package: ifxetex 2008/09/18 v0.4 Provides ifxetex conditional
)
("C:\Program Files\MiKTeX 2.7\tex\latex\oberdiek\hycolor.sty"
Package: hycolor 2008/09/08 v1.4 Code for color options of hyperref/bookmark (H
O)

("C:\Program Files\MiKTeX 2.7\tex\latex\oberdiek\xcolor-patch.sty"
Package: xcolor-patch 2008/09/08 xcolor patch
))
\@linkdim=\dimen157
\Hy@linkcounter=\count119
\Hy@pagecounter=\count120

("C:\Program Files\MiKTeX 2.7\tex\latex\hyperref\pd1enc.def"
File: pd1enc.def 2008/11/18 v6.78m Hyperref: PDFDocEncoding definition (HO)
)
("C:\Program Files\MiKTeX 2.7\tex\generic\oberdiek\etexcmds.sty"
Package: etexcmds 2007/12/12 v1.2 Prefix for e-TeX command names (HO)

("C:\Program Files\MiKTeX 2.7\tex\generic\oberdiek\infwarerr.sty"
Package: infwarerr 2007/09/09 v1.2 Providing info/warning/message (HO)
)
Package etexcmds Info: Could not find \expanded.
(etexcmds)             That can mean that you are not using pdfTeX 1.50 or
(etexcmds)             that some package has redefined \expanded.
(etexcmds)             In the latter case, load this package earlier.
)
("C:\Program Files\MiKTeX 2.7\tex\latex\00miktex\hyperref.cfg"
File: hyperref.cfg 2002/06/06 v1.2 hyperref configuration of TeXLive
)
("C:\Program Files\MiKTeX 2.7\tex\latex\oberdiek\kvoptions.sty"
Package: kvoptions 2007/10/18 v3.0 Keyval support for LaTeX options (HO)
)
Package hyperref Info: Option `bookmarks' set `true' on input line 2796.
Package hyperref Info: Option `bookmarksopen' set `true' on input line 2796.
Package hyperref Info: Option `implicit' set `false' on input line 2796.
Package hyperref Info: Hyper figures OFF on input line 2907.
Package hyperref Info: Link nesting OFF on input line 2912.
Package hyperref Info: Hyper index ON on input line 2915.
Package hyperref Info: Plain pages OFF on input line 2922.
Package hyperref Info: Backreferencing OFF on input line 2927.

Implicit mode OFF; no redefinition of LaTeX internals
Package hyperref Info: Bookmarks ON on input line 3117.
("C:\Program Files\MiKTeX 2.7\tex\latex\ltxmisc\url.sty"
\Urlmuskip=\muskip10
Package: url 2006/04/12  ver 3.3  Verb mode for urls, etc.
)
LaTeX Info: Redefining \url on input line 3351.

("C:\Program Files\MiKTeX 2.7\tex\generic\oberdiek\bitset.sty"
Package: bitset 2007/09/28 v1.0 Data type bit set (HO)

("C:\Program Files\MiKTeX 2.7\tex\generic\oberdiek\intcalc.sty"
Package: intcalc 2007/09/27 v1.1 Expandable integer calculations (HO)
)
("C:\Program Files\MiKTeX 2.7\tex\generic\oberdiek\bigintcalc.sty"
Package: bigintcalc 2007/11/11 v1.1 Expandable big integer calculations (HO)

("C:\Program Files\MiKTeX 2.7\tex\generic\oberdiek\pdftexcmds.sty"
Package: pdftexcmds 2007/12/12 v0.3 LuaTeX support for pdfTeX utility functions
 (HO)
Package pdftexcmds Info: LuaTeX not detected on input line 139.
)))
("C:\Program Files\MiKTeX 2.7\tex\generic\oberdiek\kvsetkeys.sty"
Package: kvsetkeys 2007/09/29 v1.3 Key value parser with default handler suppor
t (HO)
)
\Fld@menulength=\count121
\Field@Width=\dimen158
\Fld@charsize=\dimen159
\Field@toks=\toks20
Package hyperref Info: Hyper figures OFF on input line 4268.
Package hyperref Info: Link nesting OFF on input line 4273.
Package hyperref Info: Hyper index ON on input line 4276.
Package hyperref Info: backreferencing OFF on input line 4283.
Package hyperref Info: Link coloring OFF on input line 4288.
Package hyperref Info: Link coloring with OCG OFF on input line 4293.
Package hyperref Info: PDF/A mode OFF on input line 4298.

("C:\Program Files\MiKTeX 2.7\tex\generic\oberdiek\atbegshi.sty"
Package: atbegshi 2008/07/31 v1.9 At begin shipout hook (HO)
)
\Hy@abspage=\count122

Hyperref stopped early
)
*hyperref using default driver hpdftex*
("C:\Program Files\MiKTeX 2.7\tex\latex\hyperref\hpdftex.def"
File: hpdftex.def 2008/11/18 v6.78m Hyperref driver for pdfTeX
\Fld@listcount=\count123
)
(beamerbaserequires.sty
Package: beamerbaserequires 2010/05/01  (rcs-revision efa082c6111d)
 (beamerbasecompatibility.sty
Package: beamerbasecompatibility 2010/07/12  (rcs-revision 6648c3177e4e)
) (beamerbasefont.sty
Package: beamerbasefont 2010/05/10  (rcs-revision cd36e8a33c6b)

("C:\Program Files\MiKTeX 2.7\tex\latex\amsfonts\amssymb.sty"
Package: amssymb 2002/01/22 v2.2d

("C:\Program Files\MiKTeX 2.7\tex\latex\amsfonts\amsfonts.sty"
Package: amsfonts 2001/10/25 v2.2f
\@emptytoks=\toks21
\symAMSa=\mathgroup4
\symAMSb=\mathgroup5
LaTeX Font Info:    Overwriting math alphabet `\mathfrak' in version `bold'
(Font)                  U/euf/m/n --> U/euf/b/n on input line 132.
)))
(beamerbasetranslator.sty
Package: beamerbasetranslator 2010/06/11  (rcs-revision 85fd1cc7fc42)
 (translator.sty
Package: translator 2007/03/11 ver 1.00
 (translator-language-mappings.tex)))
(beamerbasemisc.sty
Package: beamerbasemisc 2010/06/06  (rcs-revision bff0a9294b45)
) (beamerbasetwoscreens.sty
Package: beamerbasetwoscreens 2010/05/01  (rcs-revision efa082c6111d)
) (beamerbaseoverlay.sty
Package: beamerbaseoverlay 2010/05/07  (rcs-revision 5584dad462a9)
\beamer@argscount=\count124
\beamer@lastskipcover=\skip44
\beamer@trivlistdepth=\count125
)
(beamerbasetitle.sty
Package: beamerbasetitle 2010/06/12  (rcs-revision 717e481ca47a)
) (beamerbasesection.sty
Package: beamerbasesection 2010/06/17  (rcs-revision e0d9401bb743)
\c@lecture=\count126
\c@part=\count127
\c@section=\count128
\c@subsection=\count129
\c@subsubsection=\count130
) (beamerbaseframe.sty
Package: beamerbaseframe 2010/06/06  (rcs-revision bff0a9294b45)
\beamer@framebox=\box39
\beamer@frametitlebox=\box40
\beamer@zoombox=\box41
\beamer@zoomcount=\count131
\beamer@zoomframecount=\count132
\beamer@frametextheight=\dimen160
\c@subsectionslide=\count133
\beamer@frametopskip=\skip45
\beamer@framebottomskip=\skip46
\beamer@frametopskipautobreak=\skip47
\beamer@framebottomskipautobreak=\skip48
\beamer@envbody=\toks22
\c@framenumber=\count134
)
(beamerbaseverbatim.sty
Package: beamerbaseverbatim 2010/05/01  (rcs-revision efa082c6111d)
\beamer@verbatimfileout=\write3
) (beamerbaseframesize.sty
Package: beamerbaseframesize 2010/06/27  (rcs-revision 6baa2d92e6f1)
\beamer@splitbox=\box42
\beamer@autobreakcount=\count135
\beamer@autobreaklastheight=\dimen161
\beamer@frametitletoks=\toks23
\beamer@framesubtitletoks=\toks24
)
(beamerbaseframecomponents.sty
Package: beamerbaseframecomponents 2010/07/12  (rcs-revision 09e82992d9b1)
\beamer@footins=\box43
) (beamerbasecolor.sty
Package: beamerbasecolor 2010/06/06  (rcs-revision d1a9b48be06d)
) (beamerbasenotes.sty
Package: beamerbasenotes 2010/05/01  (rcs-revision efa082c6111d)
\beamer@frameboxcopy=\box44
)
(beamerbasetoc.sty
Package: beamerbasetoc 2010/06/11  (rcs-revision 242ecaa6783b)
) (beamerbasetemplates.sty
Package: beamerbasetemplates 2010/05/01  (rcs-revision efa082c6111d)
\beamer@sbttoks=\toks25
 (beamerbaseauxtemplates.sty
Package: beamerbaseauxtemplates 2010/05/01  (rcs-revision efa082c6111d)

(beamerbaseboxes.sty
Package: beamerbaseboxes 2010/05/01  (rcs-revision efa082c6111d)
\bmb@box=\box45
\bmb@colorbox=\box46
\bmb@boxshadow=\box47
\bmb@boxshadowball=\box48
\bmb@boxshadowballlarge=\box49
\bmb@temp=\dimen162
\bmb@dima=\dimen163
\bmb@dimb=\dimen164
\bmb@prevheight=\dimen165
)
\beamer@blockheadheight=\dimen166
)) (beamerbaselocalstructure.sty
Package: beamerbaselocalstructure 2010/06/01  (rcs-revision 81f9e33f7cc2)

("C:\Program Files\MiKTeX 2.7\tex\latex\tools\enumerate.sty"
Package: enumerate 1999/03/05 v3.00 enumerate extensions (DPC)
\@enLab=\toks26
)
\c@figure=\count136
\c@table=\count137
\abovecaptionskip=\skip49
\belowcaptionskip=\skip50
)
(beamerbasenavigation.sty
Package: beamerbasenavigation 2010/05/01  (rcs-revision efa082c6111d)
) (beamerbasetheorems.sty
Package: beamerbasetheorems 2010/06/06  (rcs-revision 7e7cc5e53e9d)

("C:\Program Files\MiKTeX 2.7\tex\latex\amsmath\amsmath.sty"
Package: amsmath 2000/07/18 v2.13 AMS math features
\@mathmargin=\skip51

For additional information on amsmath, use the `?' option.
("C:\Program Files\MiKTeX 2.7\tex\latex\amsmath\amstext.sty"
Package: amstext 2000/06/29 v2.01

("C:\Program Files\MiKTeX 2.7\tex\latex\amsmath\amsgen.sty"
File: amsgen.sty 1999/11/30 v2.0
\@emptytoks=\toks27
\ex@=\dimen167
))
("C:\Program Files\MiKTeX 2.7\tex\latex\amsmath\amsbsy.sty"
Package: amsbsy 1999/11/29 v1.2d
\pmbraise@=\dimen168
)
("C:\Program Files\MiKTeX 2.7\tex\latex\amsmath\amsopn.sty"
Package: amsopn 1999/12/14 v2.01 operator names
)
\inf@bad=\count138
LaTeX Info: Redefining \frac on input line 211.
\uproot@=\count139
\leftroot@=\count140
LaTeX Info: Redefining \overline on input line 307.
\classnum@=\count141
\DOTSCASE@=\count142
LaTeX Info: Redefining \ldots on input line 379.
LaTeX Info: Redefining \dots on input line 382.
LaTeX Info: Redefining \cdots on input line 467.
\Mathstrutbox@=\box50
\strutbox@=\box51
\big@size=\dimen169
LaTeX Font Info:    Redeclaring font encoding OML on input line 567.
LaTeX Font Info:    Redeclaring font encoding OMS on input line 568.
\macc@depth=\count143
\c@MaxMatrixCols=\count144
\dotsspace@=\muskip11
\c@parentequation=\count145
\dspbrk@lvl=\count146
\tag@help=\toks28
\row@=\count147
\column@=\count148
\maxfields@=\count149
\andhelp@=\toks29
\eqnshift@=\dimen170
\alignsep@=\dimen171
\tagshift@=\dimen172
\tagwidth@=\dimen173
\totwidth@=\dimen174
\lineht@=\dimen175
\@envbody=\toks30
\multlinegap=\skip52
\multlinetaggap=\skip53
\mathdisplay@stack=\toks31
LaTeX Info: Redefining \[ on input line 2666.
LaTeX Info: Redefining \] on input line 2667.
)
("C:\Program Files\MiKTeX 2.7\tex\latex\amscls\amsthm.sty"
Package: amsthm 2004/08/06 v2.20
\thm@style=\toks32
\thm@bodyfont=\toks33
\thm@headfont=\toks34
\thm@notefont=\toks35
\thm@headpunct=\toks36
\thm@preskip=\skip54
\thm@postskip=\skip55
\thm@headsep=\skip56
\dth@everypar=\toks37
)
\c@theorem=\count150
)
(beamerbasethemes.sty
Package: beamerbasethemes 2010/05/01  (rcs-revision efa082c6111d)
)) (beamerthemedefault.sty
Package: beamerthemedefault 2010/06/17  (rcs-revision d02a7cf4d8ae)
 (beamerfontthemedefault.sty
Package: beamerfontthemedefault 2010/06/17  (rcs-revision d02a7cf4d8ae)
)
(beamercolorthemedefault.sty
Package: beamercolorthemedefault 2010/06/17  (rcs-revision d02a7cf4d8ae)
) (beamerinnerthemedefault.sty
Package: beamerinnerthemedefault 2010/06/17  (rcs-revision d02a7cf4d8ae)
\beamer@dima=\dimen176
\beamer@dimb=\dimen177
)
(beamerouterthemedefault.sty
Package: beamerouterthemedefault 2010/06/17  (rcs-revision d02a7cf4d8ae)
))) (beamerthemesplit.sty
Package: beamerthemesplit 2010/06/17  (rcs-revision d02a7cf4d8ae)

(beamercolorthemewhale.sty
Package: beamercolorthemewhale 2010/06/17  (rcs-revision d02a7cf4d8ae)
) (beamerouterthemesplit.sty
Package: beamerouterthemesplit 2010/06/17  (rcs-revision d02a7cf4d8ae)
)
(beamerfontthemestructurebold.sty
Package: beamerfontthemestructurebold 2010/06/17  (rcs-revision d02a7cf4d8ae)
))
("C:\Program Files\MiKTeX 2.7\tex\latex\tools\verbatim.sty"
Package: verbatim 2003/08/22 v1.5q LaTeX2e package for verbatim enhancements
\every@verbatim=\toks38
\verbatim@line=\toks39
\verbatim@in@stream=\read1
)

Package hyperref Warning: Token not allowed in a PDF string (PDFDocEncoding):
(hyperref)                removing `\\' on input line 26.


Package hyperref Warning: Token not allowed in a PDF string (PDFDocEncoding):
(hyperref)                removing `\\' on input line 26.

(samMSCdefense.aux)
LaTeX Font Info:    Checking defaults for OML/cmm/m/it on input line 38.
LaTeX Font Info:    ... okay on input line 38.
LaTeX Font Info:    Checking defaults for T1/cmr/m/n on input line 38.
LaTeX Font Info:    ... okay on input line 38.
LaTeX Font Info:    Checking defaults for OT1/cmr/m/n on input line 38.
LaTeX Font Info:    ... okay on input line 38.
LaTeX Font Info:    Checking defaults for OMS/cmsy/m/n on input line 38.
LaTeX Font Info:    ... okay on input line 38.
LaTeX Font Info:    Checking defaults for OMX/cmex/m/n on input line 38.
LaTeX Font Info:    ... okay on input line 38.
LaTeX Font Info:    Checking defaults for U/cmr/m/n on input line 38.
LaTeX Font Info:    ... okay on input line 38.
LaTeX Font Info:    Checking defaults for PD1/pdf/m/n on input line 38.
LaTeX Font Info:    ... okay on input line 38.

*geometry auto-detecting driver*
*geometry detected driver: pdftex*
-------------------- Geometry parameters
paper: user defined
landscape: --
twocolumn: --
twoside: --
asymmetric: --
h-parts: 28.45274pt, 307.28987pt, 28.45274pt
v-parts: 0.0pt, 273.14662pt, 0.0pt
hmarginratio: --
vmarginratio: --
lines: --
heightrounded: --
bindingoffset: 0.0pt
truedimen: --
includehead: true
includefoot: true
includemp: --
driver: pdftex
-------------------- Page layout dimensions and switches
\paperwidth  364.19536pt
\paperheight 273.14662pt
\textwidth  307.28987pt
\textheight 244.6939pt
\oddsidemargin  -43.81725pt
\evensidemargin -43.81725pt
\topmargin  -72.26999pt
\headheight 14.22636pt
\headsep    0.0pt
\footskip   14.22636pt
\marginparwidth 4.0pt
\marginparsep   10.0pt
\columnsep  10.0pt
\skip\footins  10.0pt plus 4.0pt minus 2.0pt
\hoffset 0.0pt
\voffset 0.0pt
\mag 1000

(1in=72.27pt, 1cm=28.45pt)
-----------------------
("C:\Program Files\MiKTeX 2.7\tex\context\base\supp-pdf.tex"
[Loading MPS to PDF converter (version 2006.09.02).]
\scratchcounter=\count151
\scratchdimen=\dimen178
\scratchbox=\box52
\nofMPsegments=\count152
\nofMParguments=\count153
\everyMPshowfont=\toks40
\MPscratchCnt=\count154
\MPscratchDim=\dimen179
\MPnumerator=\count155
\everyMPtoPDFconversion=\toks41
)
Package hyperref Info: Link coloring OFF on input line 38.
 ("C:\Program Files\MiKTeX 2.7\tex\latex\hyperref\nameref.sty"
Package: nameref 2007/05/29 v2.31 Cross-referencing by name of section

("C:\Program Files\MiKTeX 2.7\tex\latex\oberdiek\refcount.sty"
Package: refcount 2008/08/11 v3.1 Data extraction from references (HO)
)
\c@section@level=\count156
)
LaTeX Info: Redefining \ref on input line 38.
LaTeX Info: Redefining \pageref on input line 38.

(samMSCdefense.out) (samMSCdefense.out)
\@outlinefile=\write4
\AtBeginShipoutBox=\box53
LaTeX Font Info:    Overwriting symbol font `operators' in version `normal'
(Font)                  OT1/cmr/m/n --> OT1/cmss/m/n on input line 38.
LaTeX Font Info:    Overwriting symbol font `operators' in version `bold'
(Font)                  OT1/cmr/bx/n --> OT1/cmss/bx/n on input line 38.
\symnumbers=\mathgroup6
\sympureletters=\mathgroup7
LaTeX Font Info:    Overwriting math alphabet `\mathrm' in version `normal'
(Font)                  OT1/cmss/m/n --> OT1/cmr/m/n on input line 38.
LaTeX Font Info:    Redeclaring math alphabet \mathbf on input line 38.
LaTeX Font Info:    Overwriting math alphabet `\mathbf' in version `normal'
(Font)                  OT1/cmr/bx/n --> OT1/cmss/bx/n on input line 38.
LaTeX Font Info:    Overwriting math alphabet `\mathbf' in version `bold'
(Font)                  OT1/cmr/bx/n --> OT1/cmss/bx/n on input line 38.
LaTeX Font Info:    Redeclaring math alphabet \mathsf on input line 38.
LaTeX Font Info:    Overwriting math alphabet `\mathsf' in version `normal'
(Font)                  OT1/cmss/m/n --> OT1/cmss/m/n on input line 38.
LaTeX Font Info:    Overwriting math alphabet `\mathsf' in version `bold'
(Font)                  OT1/cmss/bx/n --> OT1/cmss/m/n on input line 38.
LaTeX Font Info:    Redeclaring math alphabet \mathit on input line 38.
LaTeX Font Info:    Overwriting math alphabet `\mathit' in version `normal'
(Font)                  OT1/cmr/m/it --> OT1/cmss/m/it on input line 38.
LaTeX Font Info:    Overwriting math alphabet `\mathit' in version `bold'
(Font)                  OT1/cmr/bx/it --> OT1/cmss/m/it on input line 38.
LaTeX Font Info:    Redeclaring math alphabet \mathtt on input line 38.
LaTeX Font Info:    Overwriting math alphabet `\mathtt' in version `normal'
(Font)                  OT1/cmtt/m/n --> OT1/cmtt/m/n on input line 38.
LaTeX Font Info:    Overwriting math alphabet `\mathtt' in version `bold'
(Font)                  OT1/cmtt/m/n --> OT1/cmtt/m/n on input line 38.
LaTeX Font Info:    Overwriting symbol font `numbers' in version `bold'
(Font)                  OT1/cmss/m/n --> OT1/cmss/bx/n on input line 38.
LaTeX Font Info:    Overwriting symbol font `pureletters' in version `bold'
(Font)                  OT1/cmss/m/it --> OT1/cmss/bx/it on input line 38.
LaTeX Font Info:    Overwriting math alphabet `\mathrm' in version `bold'
(Font)                  OT1/cmss/bx/n --> OT1/cmr/bx/n on input line 38.
LaTeX Font Info:    Overwriting math alphabet `\mathbf' in version `bold'
(Font)                  OT1/cmss/bx/n --> OT1/cmss/bx/n on input line 38.
LaTeX Font Info:    Overwriting math alphabet `\mathsf' in version `bold'
(Font)                  OT1/cmss/m/n --> OT1/cmss/bx/n on input line 38.
LaTeX Font Info:    Overwriting math alphabet `\mathit' in version `bold'
(Font)                  OT1/cmss/m/it --> OT1/cmss/bx/it on input line 38.
LaTeX Font Info:    Overwriting math alphabet `\mathtt' in version `bold'
(Font)                  OT1/cmtt/m/n --> OT1/cmtt/bx/n on input line 38.

(translator-basic-dictionary-English.dict
Dictionary: translator-basic-dictionary, Language: English 
)
(translator-bibliography-dictionary-English.dict
Dictionary: translator-bibliography-dictionary, Language: English 
)
(translator-environment-dictionary-English.dict
Dictionary: translator-environment-dictionary, Language: English 
)
(translator-months-dictionary-English.dict
Dictionary: translator-months-dictionary, Language: English 
)
(translator-numbers-dictionary-English.dict
Dictionary: translator-numbers-dictionary, Language: English 
)
(translator-theorem-dictionary-English.dict
Dictionary: translator-theorem-dictionary, Language: English 
) (samMSCdefense.nav)

LaTeX Font Warning: Font shape `OT1/cmss/bx/n' in size <4> not available
(Font)              size <5> substituted on input line 40.


LaTeX Font Warning: Font shape `OT1/cmss/m/n' in size <4> not available
(Font)              size <5> substituted on input line 40.

[1{C:/Documents and Settings/All Users/Application Data/MiKTeX/2.7/pdftex/confi
g/pdftex.map}

] (samMSCdefense.toc) [2

]
LaTeX Font Info:    Try loading font information for U+msa on input line 64.

("C:\Program Files\MiKTeX 2.7\tex\latex\amsfonts\umsa.fd"
File: umsa.fd 2002/01/19 v2.2g AMS font definitions
)
LaTeX Font Info:    Try loading font information for U+msb on input line 64.

("C:\Program Files\MiKTeX 2.7\tex\latex\amsfonts\umsb.fd"
File: umsb.fd 2002/01/19 v2.2g AMS font definitions
) [3

] [4

] [5

] [6

]
[7

] [8

] [9

] [10

] [11

] [12

] [13

] [14

] [15

] [16

] [17

] [18

] [19

] [20

] [21

]
<starblank.pdf, id=661, 195.73125pt x 211.79124pt>
File: starblank.pdf Graphic file (type pdf)
 <use starblank.pdf> [22

 <starblank.pdf>] <starlab.pdf, id=696, 195.73125pt x 211.79124pt>
File: starlab.pdf Graphic file (type pdf)

<use starlab.pdf> [23

 <starlab.pdf>] [24

] [25

] [26

] [27

] [28

] [29

] [30

]
[31

] [32

] [33

] [34

] [35

] <onlyaisoh.pdf, id=1085, 258.9675pt x 271.0125pt>
File: onlyaisoh.pdf Graphic file (type pdf)

<use onlyaisoh.pdf> [36

 <onlyaisoh.pdf>]
<noneiso.pdf, id=1120, 257.96375pt x 271.0125pt>
File: noneiso.pdf Graphic file (type pdf)
 <use noneiso.pdf> [37

 <noneiso.pdf>] [38

] [39

] [40

] [41

]
\tf@nav=\write5
\tf@toc=\write6
\tf@snm=\write7
 (samMSCdefense.aux)

LaTeX Font Warning: Size substitutions with differences
(Font)              up to 1.0pt have occurred.

 ) 
Here is how much of TeX's memory you used:
 12918 strings out of 95304
 221143 string characters out of 1183032
 303346 words of memory out of 1500000
 15695 multiletter control sequences out of 110000
 16424 words of font info for 61 fonts, out of 3000000 for 5000
 14 hyphenation exceptions out of 8191
 48i,19n,49p,360b,548s stack positions out of 5000i,500n,10000p,200000b,50000s
<C:/Program Files/MiKTeX 2.7/fonts/type1/bluesky/cm/cmmi10.pfb><C:/Program Fi
les/MiKTeX 2.7/fonts/type1/bluesky/cm/cmss10.pfb><C:/Program Files/MiKTeX 2.7/f
onts/type1/bluesky/cm/cmss12.pfb><C:/Program Files/MiKTeX 2.7/fonts/type1/blues
ky/cm/cmss8.pfb><C:/Program Files/MiKTeX 2.7/fonts/type1/bluesky/cm/cmssbx10.pf
b><C:/Program Files/MiKTeX 2.7/fonts/type1/bluesky/cm/cmssi10.pfb><C:/Program F
iles/MiKTeX 2.7/fonts/type1/bluesky/cm/cmssi12.pfb><C:/Program Files/MiKTeX 2.7
/fonts/type1/bluesky/cm/cmssi8.pfb><C:/Program Files/MiKTeX 2.7/fonts/type1/blu
esky/cm/cmsy10.pfb><C:/Program Files/MiKTeX 2.7/fonts/type1/bluesky/cm/cmsy8.pf
b><C:/Program Files/MiKTeX 2.7/fonts/type1/bluesky/ams/msam7.pfb>
Output written on samMSCdefense.pdf (41 pages, 343173 bytes).
PDF statistics:
 1328 PDF objects out of 1440 (max. 8388607)
 90 named destinations out of 1000 (max. 131072)
 95 words of extra memory for PDF output out of 10000 (max. 10000000)

