This is pdfTeX, Version 3.1415926-1.40.9 (MiKTeX 2.7) (preloaded format=pdflatex 2009.1.14)  12 JUL 2010 01:52
entering extended mode
**C:/Program*Files/MiKTeX*2.7/miktex/bin/samthesis.tex
("C:/Program Files/MiKTeX 2.7/miktex/bin/samthesis.tex"
LaTeX2e <2005/12/01>
Babel <v3.8l> and hyphenation patterns for english, dumylang, nohyphenation, ge
rman, ngerman, german-x-2008-06-18, ngerman-x-2008-06-18, french, loaded.
("C:\Program Files\MiKTeX 2.7\tex\latex\base\article.cls"
Document Class: article 2005/09/16 v1.4f Standard LaTeX document class
("C:\Program Files\MiKTeX 2.7\tex\latex\base\size12.clo"
File: size12.clo 2005/09/16 v1.4f Standard LaTeX file (size option)
)
\c@part=\count79
\c@section=\count80
\c@subsection=\count81
\c@subsubsection=\count82
\c@paragraph=\count83
\c@subparagraph=\count84
\c@figure=\count85
\c@table=\count86
\abovecaptionskip=\skip41
\belowcaptionskip=\skip42
\bibindent=\dimen102
)
("C:\Program Files\MiKTeX 2.7\tex\latex\graphics\color.sty"
Package: color 2005/11/14 v1.0j Standard LaTeX Color (DPC)

("C:\Program Files\MiKTeX 2.7\tex\latex\00miktex\color.cfg"
File: color.cfg 2007/01/18 v1.5 color configuration of teTeX/TeXLive
)
Package color Info: Driver file: pdftex.def on input line 130.

("C:\Program Files\MiKTeX 2.7\tex\latex\pdftex-def\pdftex.def"
File: pdftex.def 2008/09/08 v0.04l Graphics/color for pdfTeX
\Gread@gobject=\count87
))
("C:\Program Files\MiKTeX 2.7\tex\latex\amsfonts\amsfonts.sty"
Package: amsfonts 2001/10/25 v2.2f
\@emptytoks=\toks14
\symAMSa=\mathgroup4
\symAMSb=\mathgroup5
LaTeX Font Info:    Overwriting math alphabet `\mathfrak' in version `bold'
(Font)                  U/euf/m/n --> U/euf/b/n on input line 132.
)
("C:\Program Files\MiKTeX 2.7\tex\latex\amscls\amsthm.sty"
Package: amsthm 2004/08/06 v2.20
\thm@style=\toks15
\thm@bodyfont=\toks16
\thm@headfont=\toks17
\thm@notefont=\toks18
\thm@headpunct=\toks19
\thm@preskip=\skip43
\thm@postskip=\skip44
\thm@headsep=\skip45
\dth@everypar=\toks20
)
("C:\Program Files\MiKTeX 2.7\tex\latex\amsfonts\amssymb.sty"
Package: amssymb 2002/01/22 v2.2d
)
("C:\Program Files\MiKTeX 2.7\tex\latex\amsmath\amsmath.sty"
Package: amsmath 2000/07/18 v2.13 AMS math features
\@mathmargin=\skip46

For additional information on amsmath, use the `?' option.
("C:\Program Files\MiKTeX 2.7\tex\latex\amsmath\amstext.sty"
Package: amstext 2000/06/29 v2.01

("C:\Program Files\MiKTeX 2.7\tex\latex\amsmath\amsgen.sty"
File: amsgen.sty 1999/11/30 v2.0
\@emptytoks=\toks21
\ex@=\dimen103
))
("C:\Program Files\MiKTeX 2.7\tex\latex\amsmath\amsbsy.sty"
Package: amsbsy 1999/11/29 v1.2d
\pmbraise@=\dimen104
)
("C:\Program Files\MiKTeX 2.7\tex\latex\amsmath\amsopn.sty"
Package: amsopn 1999/12/14 v2.01 operator names
)
\inf@bad=\count88
LaTeX Info: Redefining \frac on input line 211.
\uproot@=\count89
\leftroot@=\count90
LaTeX Info: Redefining \overline on input line 307.
\classnum@=\count91
\DOTSCASE@=\count92
LaTeX Info: Redefining \ldots on input line 379.
LaTeX Info: Redefining \dots on input line 382.
LaTeX Info: Redefining \cdots on input line 467.
\Mathstrutbox@=\box26
\strutbox@=\box27
\big@size=\dimen105
LaTeX Font Info:    Redeclaring font encoding OML on input line 567.
LaTeX Font Info:    Redeclaring font encoding OMS on input line 568.
\macc@depth=\count93
\c@MaxMatrixCols=\count94
\dotsspace@=\muskip10
\c@parentequation=\count95
\dspbrk@lvl=\count96
\tag@help=\toks22
\row@=\count97
\column@=\count98
\maxfields@=\count99
\andhelp@=\toks23
\eqnshift@=\dimen106
\alignsep@=\dimen107
\tagshift@=\dimen108
\tagwidth@=\dimen109
\totwidth@=\dimen110
\lineht@=\dimen111
\@envbody=\toks24
\multlinegap=\skip47
\multlinetaggap=\skip48
\mathdisplay@stack=\toks25
LaTeX Info: Redefining \[ on input line 2666.
LaTeX Info: Redefining \] on input line 2667.
)
("C:\Program Files\MiKTeX 2.7\tex\latex\graphics\graphicx.sty"
Package: graphicx 1999/02/16 v1.0f Enhanced LaTeX Graphics (DPC,SPQR)

("C:\Program Files\MiKTeX 2.7\tex\latex\graphics\keyval.sty"
Package: keyval 1999/03/16 v1.13 key=value parser (DPC)
\KV@toks@=\toks26
)
("C:\Program Files\MiKTeX 2.7\tex\latex\graphics\graphics.sty"
Package: graphics 2006/02/20 v1.0o Standard LaTeX Graphics (DPC,SPQR)

("C:\Program Files\MiKTeX 2.7\tex\latex\graphics\trig.sty"
Package: trig 1999/03/16 v1.09 sin cos tan (DPC)
)
("C:\Program Files\MiKTeX 2.7\tex\latex\00miktex\graphics.cfg"
File: graphics.cfg 2007/01/18 v1.5 graphics configuration of teTeX/TeXLive
)
Package graphics Info: Driver file: pdftex.def on input line 90.
)
\Gin@req@height=\dimen112
\Gin@req@width=\dimen113
)
("C:\Program Files\MiKTeX 2.7\tex\latex\setspace\setspace.sty"
Package: setspace 2000/12/01 6.7 Contributed and Supported LaTeX2e package

Package: `setspace' 6.7 <2000/12/01>
) ("C:\Program Files\MiKTeX 2.7\tex\latex\ltxmisc\url.sty"
\Urlmuskip=\muskip11
Package: url 2006/04/12  ver 3.3  Verb mode for urls, etc.
)
("C:\Program Files\MiKTeX 2.7\tex\latex\tools\verbatim.sty"
Package: verbatim 2003/08/22 v1.5q LaTeX2e package for verbatim enhancements
\every@verbatim=\toks27
\verbatim@line=\toks28
\verbatim@in@stream=\read1
)
("C:\Program Files\MiKTeX 2.7\tex\latex\algorithms\algorithmic.sty"
Package: algorithmic 2006/06/02

Document Style `algorithmic' - environment
("C:\Program Files\MiKTeX 2.7\tex\latex\base\ifthen.sty"
Package: ifthen 2001/05/26 v1.1c Standard LaTeX ifthen package (DPC)
)
("C:\Program Files\MiKTeX 2.7\tex\latex\tools\calc.sty"
Package: calc 2005/08/06 v4.2 Infix arithmetic (KKT,FJ)
\calc@Acount=\count100
\calc@Bcount=\count101
\calc@Adimen=\dimen114
\calc@Bdimen=\dimen115
\calc@Askip=\skip49
\calc@Bskip=\skip50
LaTeX Info: Redefining \setlength on input line 75.
LaTeX Info: Redefining \addtolength on input line 76.
\calc@Ccount=\count102
\calc@Cskip=\skip51
)
\c@ALC@line=\count103
\c@ALC@rem=\count104
\c@ALC@depth=\count105
\ALC@tlm=\skip52
\algorithmicindent=\skip53
)
("C:\Program Files\MiKTeX 2.7\tex\latex\algorithms\algorithm.sty"
Package: algorithm 

Document Style `algorithm' - floating environment
("C:\Program Files\MiKTeX 2.7\tex\latex\float\float.sty"
Package: float 2001/11/08 v1.3d Float enhancements (AL)
\c@float@type=\count106
\float@exts=\toks29
\float@box=\box28
\@float@everytoks=\toks30
\@floatcapt=\box29
)
\@float@every@algorithm=\toks31
\c@algorithm=\count107
)
("C:\Program Files\MiKTeX 2.7\tex\latex\fancyhdr\fancyhdr.sty"
\fancy@headwidth=\skip54
\f@ncyO@elh=\skip55
\f@ncyO@erh=\skip56
\f@ncyO@olh=\skip57
\f@ncyO@orh=\skip58
\f@ncyO@elf=\skip59
\f@ncyO@erf=\skip60
\f@ncyO@olf=\skip61
\f@ncyO@orf=\skip62
)
("C:\Program Files\MiKTeX 2.7\tex\latex\t2\mathtext.sty"
Package: mathtext 1999/01/28 v1.0 transparent text-and-math defs
LaTeX Info: Redefining \halign on input line 111.
)
("C:\Program Files\MiKTeX 2.7\tex\latex\jknappen\mathrsfs.sty"
Package: mathrsfs 1996/01/01 Math RSFS package v1.0 (jk)
\symrsfs=\mathgroup6
)
\c@theorem=\count108
 (samthesis.aux

LaTeX Warning: Label `mk' multiply defined.


LaTeX Warning: Label `col2' multiply defined.


LaTeX Warning: Label `it2' multiply defined.

)
LaTeX Font Info:    Checking defaults for OML/cmm/m/it on input line 94.
LaTeX Font Info:    ... okay on input line 94.
LaTeX Font Info:    Checking defaults for T1/cmr/m/n on input line 94.
LaTeX Font Info:    ... okay on input line 94.
LaTeX Font Info:    Checking defaults for OT1/cmr/m/n on input line 94.
LaTeX Font Info:    ... okay on input line 94.
LaTeX Font Info:    Checking defaults for OMS/cmsy/m/n on input line 94.
LaTeX Font Info:    ... okay on input line 94.
LaTeX Font Info:    Checking defaults for OMX/cmex/m/n on input line 94.
LaTeX Font Info:    ... okay on input line 94.
LaTeX Font Info:    Checking defaults for U/cmr/m/n on input line 94.
LaTeX Font Info:    ... okay on input line 94.
 ("C:\Program Files\MiKTeX 2.7\tex\context\base\supp-pdf.tex"
[Loading MPS to PDF converter (version 2006.09.02).]
\scratchcounter=\count109
\scratchdimen=\dimen116
\scratchbox=\box30
\nofMPsegments=\count110
\nofMParguments=\count111
\everyMPshowfont=\toks32
\MPscratchCnt=\count112
\MPscratchDim=\dimen117
\MPnumerator=\count113
\everyMPtoPDFconversion=\toks33
) (samthesis.toc
LaTeX Font Info:    Try loading font information for U+msa on input line 2.
 ("C:\Program Files\MiKTeX 2.7\tex\latex\amsfonts\umsa.fd"
File: umsa.fd 2002/01/19 v2.2g AMS font definitions
)
LaTeX Font Info:    Try loading font information for U+msb on input line 2.

("C:\Program Files\MiKTeX 2.7\tex\latex\amsfonts\umsb.fd"
File: umsb.fd 2002/01/19 v2.2g AMS font definitions
)
LaTeX Font Info:    Try loading font information for U+rsfs on input line 2.

("C:\Program Files\MiKTeX 2.7\tex\latex\jknappen\ursfs.fd"
File: ursfs.fd 1998/03/24 rsfs font definition file (jk)
))
\tf@toc=\write3
 [1{C:/Documents and Settings/All Users/Application Data/MiKTeX/2.7/pdftex/conf
ig/pdftex.map}

]
(samthesis.lof)
\tf@lof=\write4
 [2] [3] [4] [5] [6]

LaTeX Warning: Citation `CFKIP' on page 7 undefined on input line 438.

[7] [8]
Underfull \hbox (badness 10000) in alignment at lines 534--534
[]
 []

[9]
Underfull \hbox (badness 10000) in alignment at lines 549--549
[]
 []


Underfull \hbox (badness 10000) in alignment at lines 561--561
[]
 []


Underfull \hbox (badness 10000) in alignment at lines 575--575
[]
 []

[10] [11] [12]
Overfull \hbox (2.90353pt too wide) in paragraph at lines 676--676
[]\OT1/cmr/bx/n/17.28 Periodic Traver-sal of $\OT1/cmr/m/n/17.28 2$\OT1/cmr/bx/
n/17.28 -connected, $\OML/cmm/m/it/17.28 P[]$\OT1/cmr/bx/n/17.28 -free Graphs 
 []


LaTeX Warning: Citation `fl' on page 13 undefined on input line 688.

<forbid.pdf, id=48, 330.23375pt x 320.19624pt>
File: forbid.pdf Graphic file (type pdf)
 <use forbid.pdf> [13 <forbid.pdf>] <wedge.pdf, id=59, 457.71pt x 197.73875pt>
File: wedge.pdf Graphic file (type pdf)
 <use wedge.pdf> [14 <wedge.pdf>]
[15] <fbw.pdf, id=71, 279.0425pt x 318.18875pt>
File: fbw.pdf Graphic file (type pdf)
 <use fbw.pdf> [16 <fbw.pdf>]
<bothtied.pdf, id=83, 276.03125pt x 271.0125pt>
File: bothtied.pdf Graphic file (type pdf)
 <use bothtied.pdf> [17 <bothtied.pdf>] <wedgeorder.pdf, id=92, 250.9375pt x 27
2.01625pt>
File: wedgeorder.pdf Graphic file (type pdf)
 <use wedgeorder.pdf>
[18 <wedgeorder.pdf>]
LaTeX Font Info:    Try loading font information for OMS+cmr on input line 983.

 ("C:\Program Files\MiKTeX 2.7\tex\latex\base\omscmr.fd"
File: omscmr.fd 1999/05/25 v2.5h Standard LaTeX font definitions
)
LaTeX Font Info:    Font shape `OMS/cmr/m/it' in size <12> not available
(Font)              Font shape `OMS/cmsy/m/n' tried instead on input line 983.

<iowedge.pdf, id=104, 531.9875pt x 228.855pt>
File: iowedge.pdf Graphic file (type pdf)
 <use iowedge.pdf> [19] [20 <iowedge.pdf>] <wedgebka.pdf, id=120, 253.94875pt x
 270.00874pt>
File: wedgebka.pdf Graphic file (type pdf)
 <use wedgebka.pdf>
<wedgebkb.pdf, id=121, 250.9375pt x 284.06125pt>
File: wedgebkb.pdf Graphic file (type pdf)
 <use wedgebkb.pdf>
Overfull \hbox (19.44853pt too wide) in paragraph at lines 1116--1133
[][]   [] 
 []

[21] [22 <wedgebka.pdf> <wedgebkb.pdf>]
Underfull \hbox (badness 10000) in alignment at lines 1195--1195
[]
 []

[23]
Underfull \hbox (badness 10000) in alignment at lines 1262--1262
[]
 []

[24] [25] [26] [27]
Underfull \hbox (badness 10000) in paragraph at lines 1446--1451

 []


Underfull \hbox (badness 10000) in paragraph at lines 1452--1454

 []

<bothisoh.pdf, id=161, 254.9525pt x 271.0125pt>
File: bothisoh.pdf Graphic file (type pdf)
 <use bothisoh.pdf>
<bothiso.pdf, id=162, 256.96pt x 271.0125pt>
File: bothiso.pdf Graphic file (type pdf)
 <use bothiso.pdf>
Overfull \hbox (19.44853pt too wide) in paragraph at lines 1462--1478
[][]   [] 
 []

[28] <onlyaisoh.pdf, id=166, 258.9675pt x 271.0125pt>
File: onlyaisoh.pdf Graphic file (type pdf)
 <use onlyaisoh.pdf>
<onlyaiso.pdf, id=167, 258.9675pt x 271.0125pt>
File: onlyaiso.pdf Graphic file (type pdf)
 <use onlyaiso.pdf>
Overfull \hbox (19.44853pt too wide) in paragraph at lines 1533--1549
[][]   [] 
 []

[29 <bothisoh.pdf> <bothiso.pdf>]
<noneiso.pdf, id=184, 257.96375pt x 271.0125pt>
File: noneiso.pdf Graphic file (type pdf)
 <use noneiso.pdf> [30 <onlyaisoh.pdf> <onlyaiso.pdf>] <onlybisoh.pdf, id=198, 
258.9675pt x 272.01625pt>
File: onlybisoh.pdf Graphic file (type pdf)

<use onlybisoh.pdf> <onlybiso.pdf, id=199, 258.9675pt x 272.01625pt>
File: onlybiso.pdf Graphic file (type pdf)

<use onlybiso.pdf>
Overfull \hbox (19.44853pt too wide) in paragraph at lines 1623--1639
[][]   [] 
 []

[31 <noneiso.pdf>] [32 <onlybisoh.pdf> <onlybiso.pdf>] [33] [34]
Underfull \hbox (badness 10000) in alignment at lines 1936--1936
[]
 []

[35]
Underfull \hbox (badness 10000) in alignment at lines 1963--1963
[]
 []

[36]
Overfull \hbox (6.65681pt too wide) in paragraph at lines 2009--2010
[]\OT1/cmr/bx/n/12 Lemma 3.4. []\OT1/cmr/m/it/12 If $\OML/cmm/m/it/12 w \OMS/cm
sy/m/n/12 2 \OML/cmm/m/it/12 W$ \OT1/cmr/m/it/12 such that $\OML/cmm/m/it/12 e[
] \OMS/cmsy/m/n/12 6\OT1/cmr/m/n/12 = [](\OML/cmm/m/it/12 w\OT1/cmr/m/n/12 )$\O
T1/cmr/m/it/12 , and we sup-pose $[]\OT1/cmr/m/n/12 ([](\OML/cmm/m/it/12 w\OT1/
cmr/m/n/12 )) \OMS/cmsy/m/n/12 6\OT1/cmr/m/n/12 =
 []

LaTeX Font Info:    Font shape `OMS/cmr/m/n' in size <12> not available
(Font)              Font shape `OMS/cmsy/m/n' tried instead on input line 2029.

[37]
Overfull \hbox (40.43474pt too wide) in paragraph at lines 2090--2102
[]\OT1/cmr/m/n/12 ([](\OML/cmm/m/it/12 w[]\OT1/cmr/m/n/12 ))$ are not equal for
 all $\OML/cmm/m/it/12 i > \OT1/cmr/m/n/12 0$. Sup-pose to the con-trary that $
[]([](\OML/cmm/m/it/12 w[]\OT1/cmr/m/n/12 )) =
 []


Overfull \hbox (29.31487pt too wide) in paragraph at lines 2090--2102
[]\OT1/cmr/m/n/12 ([](\OML/cmm/m/it/12 w[]\OT1/cmr/m/n/12 ))$ for some $\OML/cm
m/m/it/12 i$\OT1/cmr/m/n/12 . Let $\OML/cmm/m/it/12 e \OT1/cmr/m/n/12 = [](\OML
/cmm/m/it/12 w[]\OT1/cmr/m/n/12 )$, so by as-sump-tion $\OML/cmm/m/it/12 e[] \O
T1/cmr/m/n/12 = []([](\OML/cmm/m/it/12 w[]\OT1/cmr/m/n/12 ))$.
 []

[38]
Underfull \hbox (badness 10000) in alignment at lines 2122--2122
[]
 []


Underfull \hbox (badness 10000) in alignment at lines 2161--2161
[]
 []

[39] [40] [41] [42] [43] [44] (samthesis.aux)

LaTeX Warning: There were undefined references.


LaTeX Warning: There were multiply-defined labels.

 ) 
Here is how much of TeX's memory you used:
 2790 strings out of 95304
 31841 string characters out of 1183032
 89705 words of memory out of 1500000
 5935 multiletter control sequences out of 110000
 15037 words of font info for 57 fonts, out of 3000000 for 5000
 14 hyphenation exceptions out of 8191
 27i,12n,43p,273b,467s stack positions out of 5000i,500n,10000p,200000b,50000s
<C:/Program Files/MiKTeX 2.7/fonts/type1/bluesky/cm/cmbx12.pfb><C:/Program Fi
les/MiKTeX 2.7/fonts/type1/bluesky/cm/cmbxti10.pfb><C:/Program Files/MiKTeX 2.7
/fonts/type1/bluesky/cm/cmex10.pfb><C:/Program Files/MiKTeX 2.7/fonts/type1/blu
esky/cm/cmmi12.pfb><C:/Program Files/MiKTeX 2.7/fonts/type1/bluesky/cm/cmmi8.pf
b><C:/Program Files/MiKTeX 2.7/fonts/type1/bluesky/cm/cmr10.pfb><C:/Program Fil
es/MiKTeX 2.7/fonts/type1/bluesky/cm/cmr12.pfb><C:/Program Files/MiKTeX 2.7/fon
ts/type1/bluesky/cm/cmr17.pfb><C:/Program Files/MiKTeX 2.7/fonts/type1/bluesky/
cm/cmr8.pfb><C:/Program Files/MiKTeX 2.7/fonts/type1/bluesky/cm/cmsy10.pfb><C:/
Program Files/MiKTeX 2.7/fonts/type1/bluesky/cm/cmsy6.pfb><C:/Program Files/MiK
TeX 2.7/fonts/type1/bluesky/cm/cmsy8.pfb><C:/Program Files/MiKTeX 2.7/fonts/typ
e1/bluesky/cm/cmti12.pfb>
Output written on samthesis.pdf (44 pages, 287749 bytes).
PDF statistics:
 305 PDF objects out of 1000 (max. 8388607)
 0 named destinations out of 1000 (max. 131072)
 76 words of extra memory for PDF output out of 10000 (max. 10000000)

